{
  "C:/Users/drukavichnikau/Documents/RSSchool/react-rss/react-components/src/mock/paths.ts": {
    "path": "C:/Users/drukavichnikau/Documents/RSSchool/react-rss/react-components/src/mock/paths.ts",
    "statementMap": {
      "0": {
        "start": {
          "line": 1,
          "column": 21
        },
        "end": {
          "line": 5,
          "column": 1
        }
      }
    },
    "fnMap": {},
    "branchMap": {},
    "s": {
      "0": 2
    },
    "f": {},
    "b": {},
    "inputSourceMap": {
      "version": 3,
      "sources": [
        "C:/Users/drukavichnikau/Documents/RSSchool/react-rss/react-components/src/mock/paths.ts"
      ],
      "mappings": "AAAO,aAAM,QAAQ;AAAA,EACnB,MAAM;AAAA,EACN,OAAO;AAAA,EACP,MAAM;AACR;",
      "names": []
    },
    "_coverageSchema": "1a1c01bbd47fc00a2c39e90264f33305004495a9",
    "hash": "647138bfa03efd64ce8972fbf4a2a0ab2a877a95"
  },
  "C:/Users/drukavichnikau/Documents/RSSchool/react-rss/react-components/src/components/Header/Header.component.tsx": {
    "path": "C:/Users/drukavichnikau/Documents/RSSchool/react-rss/react-components/src/components/Header/Header.component.tsx",
    "statementMap": {
      "0": {
        "start": {
          "line": 5,
          "column": 0
        },
        "end": {
          "line": 15,
          "column": 1
        }
      },
      "1": {
        "start": {
          "line": 6,
          "column": 2
        },
        "end": {
          "line": 8,
          "column": 3
        }
      },
      "2": {
        "start": {
          "line": 7,
          "column": 4
        },
        "end": {
          "line": 7,
          "column": 165
        }
      },
      "3": {
        "start": {
          "line": 9,
          "column": 2
        },
        "end": {
          "line": 9,
          "column": 39
        }
      },
      "4": {
        "start": {
          "line": 10,
          "column": 2
        },
        "end": {
          "line": 10,
          "column": 39
        }
      },
      "5": {
        "start": {
          "line": 11,
          "column": 2
        },
        "end": {
          "line": 13,
          "column": 4
        }
      },
      "6": {
        "start": {
          "line": 12,
          "column": 4
        },
        "end": {
          "line": 12,
          "column": 156
        }
      },
      "7": {
        "start": {
          "line": 14,
          "column": 2
        },
        "end": {
          "line": 14,
          "column": 75
        }
      },
      "8": {
        "start": {
          "line": 16,
          "column": 9
        },
        "end": {
          "line": 16,
          "column": 23
        }
      },
      "9": {
        "start": {
          "line": 22,
          "column": 2
        },
        "end": {
          "line": 22,
          "column": 7
        }
      },
      "10": {
        "start": {
          "line": 23,
          "column": 19
        },
        "end": {
          "line": 23,
          "column": 32
        }
      },
      "11": {
        "start": {
          "line": 25,
          "column": 4
        },
        "end": {
          "line": 29,
          "column": 5
        }
      },
      "12": {
        "start": {
          "line": 26,
          "column": 6
        },
        "end": {
          "line": 26,
          "column": 32
        }
      },
      "13": {
        "start": {
          "line": 28,
          "column": 6
        },
        "end": {
          "line": 28,
          "column": 16
        }
      },
      "14": {
        "start": {
          "line": 31,
          "column": 2
        },
        "end": {
          "line": 87,
          "column": 11
        }
      },
      "15": {
        "start": {
          "line": 89,
          "column": 0
        },
        "end": {
          "line": 91,
          "column": 3
        }
      },
      "16": {
        "start": {
          "line": 90,
          "column": 2
        },
        "end": {
          "line": 90,
          "column": 23
        }
      },
      "17": {
        "start": {
          "line": 92,
          "column": 0
        },
        "end": {
          "line": 92,
          "column": 12
        }
      },
      "18": {
        "start": {
          "line": 94,
          "column": 0
        },
        "end": {
          "line": 94,
          "column": 27
        }
      },
      "19": {
        "start": {
          "line": 95,
          "column": 0
        },
        "end": {
          "line": 111,
          "column": 1
        }
      },
      "20": {
        "start": {
          "line": 96,
          "column": 2
        },
        "end": {
          "line": 96,
          "column": 39
        }
      },
      "21": {
        "start": {
          "line": 97,
          "column": 2
        },
        "end": {
          "line": 97,
          "column": 39
        }
      },
      "22": {
        "start": {
          "line": 98,
          "column": 2
        },
        "end": {
          "line": 110,
          "column": 5
        }
      },
      "23": {
        "start": {
          "line": 102,
          "column": 4
        },
        "end": {
          "line": 102,
          "column": 182
        }
      },
      "24": {
        "start": {
          "line": 103,
          "column": 4
        },
        "end": {
          "line": 109,
          "column": 7
        }
      },
      "25": {
        "start": {
          "line": 104,
          "column": 6
        },
        "end": {
          "line": 105,
          "column": 15
        }
      },
      "26": {
        "start": {
          "line": 105,
          "column": 8
        },
        "end": {
          "line": 105,
          "column": 15
        }
      },
      "27": {
        "start": {
          "line": 106,
          "column": 32
        },
        "end": {
          "line": 106,
          "column": 115
        }
      },
      "28": {
        "start": {
          "line": 107,
          "column": 6
        },
        "end": {
          "line": 108,
          "column": 54
        }
      },
      "29": {
        "start": {
          "line": 108,
          "column": 8
        },
        "end": {
          "line": 108,
          "column": 54
        }
      }
    },
    "fnMap": {
      "0": {
        "name": "(anonymous_0)",
        "decl": {
          "start": {
            "line": 11,
            "column": 24
          },
          "end": {
            "line": 11,
            "column": 25
          }
        },
        "loc": {
          "start": {
            "line": 11,
            "column": 38
          },
          "end": {
            "line": 13,
            "column": 3
          }
        },
        "line": 11
      },
      "1": {
        "name": "Header",
        "decl": {
          "start": {
            "line": 21,
            "column": 16
          },
          "end": {
            "line": 21,
            "column": 22
          }
        },
        "loc": {
          "start": {
            "line": 21,
            "column": 25
          },
          "end": {
            "line": 88,
            "column": 1
          }
        },
        "line": 21
      },
      "2": {
        "name": "getPageName",
        "decl": {
          "start": {
            "line": 24,
            "column": 11
          },
          "end": {
            "line": 24,
            "column": 22
          }
        },
        "loc": {
          "start": {
            "line": 24,
            "column": 34
          },
          "end": {
            "line": 30,
            "column": 3
          }
        },
        "line": 24
      },
      "3": {
        "name": "(anonymous_3)",
        "decl": {
          "start": {
            "line": 89,
            "column": 50
          },
          "end": {
            "line": 89,
            "column": 51
          }
        },
        "loc": {
          "start": {
            "line": 89,
            "column": 61
          },
          "end": {
            "line": 91,
            "column": 1
          }
        },
        "line": 89
      },
      "4": {
        "name": "(anonymous_4)",
        "decl": {
          "start": {
            "line": 101,
            "column": 9
          },
          "end": {
            "line": 101,
            "column": 10
          }
        },
        "loc": {
          "start": {
            "line": 101,
            "column": 29
          },
          "end": {
            "line": 110,
            "column": 3
          }
        },
        "line": 101
      },
      "5": {
        "name": "(anonymous_5)",
        "decl": {
          "start": {
            "line": 103,
            "column": 27
          },
          "end": {
            "line": 103,
            "column": 28
          }
        },
        "loc": {
          "start": {
            "line": 103,
            "column": 44
          },
          "end": {
            "line": 109,
            "column": 5
          }
        },
        "line": 103
      }
    },
    "branchMap": {
      "0": {
        "loc": {
          "start": {
            "line": 5,
            "column": 0
          },
          "end": {
            "line": 15,
            "column": 1
          }
        },
        "type": "if",
        "locations": [
          {
            "start": {
              "line": 5,
              "column": 0
            },
            "end": {
              "line": 15,
              "column": 1
            }
          },
          {
            "start": {},
            "end": {}
          }
        ],
        "line": 5
      },
      "1": {
        "loc": {
          "start": {
            "line": 6,
            "column": 2
          },
          "end": {
            "line": 8,
            "column": 3
          }
        },
        "type": "if",
        "locations": [
          {
            "start": {
              "line": 6,
              "column": 2
            },
            "end": {
              "line": 8,
              "column": 3
            }
          },
          {
            "start": {},
            "end": {}
          }
        ],
        "line": 6
      },
      "2": {
        "loc": {
          "start": {
            "line": 25,
            "column": 4
          },
          "end": {
            "line": 29,
            "column": 5
          }
        },
        "type": "if",
        "locations": [
          {
            "start": {
              "line": 25,
              "column": 4
            },
            "end": {
              "line": 29,
              "column": 5
            }
          },
          {
            "start": {
              "line": 27,
              "column": 11
            },
            "end": {
              "line": 29,
              "column": 5
            }
          }
        ],
        "line": 25
      },
      "3": {
        "loc": {
          "start": {
            "line": 32,
            "column": 45
          },
          "end": {
            "line": 32,
            "column": 111
          }
        },
        "type": "cond-expr",
        "locations": [
          {
            "start": {
              "line": 32,
              "column": 72
            },
            "end": {
              "line": 32,
              "column": 78
            }
          },
          {
            "start": {
              "line": 32,
              "column": 81
            },
            "end": {
              "line": 32,
              "column": 111
            }
          }
        ],
        "line": 32
      },
      "4": {
        "loc": {
          "start": {
            "line": 95,
            "column": 0
          },
          "end": {
            "line": 111,
            "column": 1
          }
        },
        "type": "if",
        "locations": [
          {
            "start": {
              "line": 95,
              "column": 0
            },
            "end": {
              "line": 111,
              "column": 1
            }
          },
          {
            "start": {},
            "end": {}
          }
        ],
        "line": 95
      },
      "5": {
        "loc": {
          "start": {
            "line": 104,
            "column": 6
          },
          "end": {
            "line": 105,
            "column": 15
          }
        },
        "type": "if",
        "locations": [
          {
            "start": {
              "line": 104,
              "column": 6
            },
            "end": {
              "line": 105,
              "column": 15
            }
          },
          {
            "start": {},
            "end": {}
          }
        ],
        "line": 104
      },
      "6": {
        "loc": {
          "start": {
            "line": 107,
            "column": 6
          },
          "end": {
            "line": 108,
            "column": 54
          }
        },
        "type": "if",
        "locations": [
          {
            "start": {
              "line": 107,
              "column": 6
            },
            "end": {
              "line": 108,
              "column": 54
            }
          },
          {
            "start": {},
            "end": {}
          }
        ],
        "line": 107
      }
    },
    "s": {
      "0": 2,
      "1": 2,
      "2": 0,
      "3": 2,
      "4": 2,
      "5": 2,
      "6": 2,
      "7": 2,
      "8": 2,
      "9": 4,
      "10": 4,
      "11": 4,
      "12": 4,
      "13": 0,
      "14": 4,
      "15": 2,
      "16": 2,
      "17": 2,
      "18": 2,
      "19": 2,
      "20": 2,
      "21": 2,
      "22": 2,
      "23": 2,
      "24": 2,
      "25": 0,
      "26": 0,
      "27": 0,
      "28": 0,
      "29": 0
    },
    "f": {
      "0": 2,
      "1": 4,
      "2": 4,
      "3": 2,
      "4": 2,
      "5": 0
    },
    "b": {
      "0": [
        2,
        0
      ],
      "1": [
        0,
        2
      ],
      "2": [
        4,
        0
      ],
      "3": [
        0,
        4
      ],
      "4": [
        2,
        0
      ],
      "5": [
        0,
        0
      ],
      "6": [
        0,
        0
      ]
    },
    "inputSourceMap": {
      "version": 3,
      "mappings": "AAoBM;;;;;;;;;;;;;;;;AAnBN,SAASA,eAAe;AACxB,SAASC,mBAAmB;AAC5B,SAASC,aAAa;AAEtB,OAAO;AAEA,gBAASC,SAAS;AAAAC;AACvB,QAAMC,WAAWJ,YAAW;AAE5B,WAASK,YAAYD,WAAkB;AACrC,QAAIE,OAAOC,OAAON,KAAK,EAAEO,SAASJ,SAAQ,GAAG;AAC3C,aAAOA,UAASK,MAAM,CAAC;AAAA,IACzB,OAAO;AACL,aAAO;AAAA,IACT;AAAA,EACF;AAEA,SACE,uBAAC,YACC;AAAA,2BAAC,QAAIL,mBAASM,YAAY,MAAM,SAASL,YAAYD,SAASM,QAAQ,KAAtE;AAAA;AAAA;AAAA;AAAA,WAAwE;AAAA,IACxE,uBAAC,SAAI,WAAU,kBACb,iCAAC,QACC;AAAA,6BAAC,QACC,iCAAC,WAAQ,IAAK,KAAI,oBAAlB;AAAA;AAAA;AAAA;AAAA,aAAsB,KADxB;AAAA;AAAA;AAAA;AAAA,aAEA;AAAA,MACA,uBAAC,QACC,iCAAC,WAAQ,IAAK,SAAQ,wBAAtB;AAAA;AAAA;AAAA;AAAA,aAA8B,KADhC;AAAA;AAAA;AAAA;AAAA,aAEA;AAAA,MACA,uBAAC,QACC,iCAAC,WAAQ,IAAK,QAAO,oBAArB;AAAA;AAAA;AAAA;AAAA,aAAyB,KAD3B;AAAA;AAAA;AAAA;AAAA,aAEA;AAAA,MACA,uBAAC,QACC,iCAAC,WAAQ,IAAK,eAAd;AAAA;AAAA;AAAA;AAAA,aAA0B,KAD5B;AAAA;AAAA;AAAA;AAAA,aAEA;AAAA,SAZF;AAAA;AAAA;AAAA;AAAA,WAaA,KAdF;AAAA;AAAA;AAAA;AAAA,WAeA;AAAA,OAjBF;AAAA;AAAA;AAAA;AAAA,SAkBA;AAEJ;AAACP,GAhCeD,QAAM;AAAA,UACHF,WAAW;AAAA;AAAAW,KADdT;AAAM;AAAAU",
      "names": [
        "NavLink",
        "useLocation",
        "Paths",
        "Header",
        "_s",
        "location",
        "getPageName",
        "Object",
        "values",
        "includes",
        "slice",
        "pathname",
        "_c",
        "$RefreshReg$"
      ],
      "sources": [
        "C:/Users/drukavichnikau/Documents/RSSchool/react-rss/react-components/src/components/Header/Header.component.tsx"
      ],
      "file": "C:/Users/drukavichnikau/Documents/RSSchool/react-rss/react-components/src/components/Header/Header.component.tsx"
    },
    "_coverageSchema": "1a1c01bbd47fc00a2c39e90264f33305004495a9",
    "hash": "e3c2564d5db4458cbd5f43385cbce834d2cececc"
  },
  "C:/Users/drukavichnikau/Documents/RSSchool/react-rss/react-components/src/features/search/searchSlice.ts": {
    "path": "C:/Users/drukavichnikau/Documents/RSSchool/react-rss/react-components/src/features/search/searchSlice.ts",
    "statementMap": {
      "0": {
        "start": {
          "line": 2,
          "column": 21
        },
        "end": {
          "line": 5,
          "column": 1
        }
      },
      "1": {
        "start": {
          "line": 6,
          "column": 27
        },
        "end": {
          "line": 17,
          "column": 2
        }
      },
      "2": {
        "start": {
          "line": 11,
          "column": 6
        },
        "end": {
          "line": 11,
          "column": 40
        }
      },
      "3": {
        "start": {
          "line": 14,
          "column": 6
        },
        "end": {
          "line": 14,
          "column": 46
        }
      },
      "4": {
        "start": {
          "line": 18,
          "column": 38
        },
        "end": {
          "line": 18,
          "column": 57
        }
      }
    },
    "fnMap": {
      "0": {
        "name": "(anonymous_0)",
        "decl": {
          "start": {
            "line": 10,
            "column": 11
          },
          "end": {
            "line": 10,
            "column": 12
          }
        },
        "loc": {
          "start": {
            "line": 10,
            "column": 30
          },
          "end": {
            "line": 12,
            "column": 5
          }
        },
        "line": 10
      },
      "1": {
        "name": "(anonymous_1)",
        "decl": {
          "start": {
            "line": 13,
            "column": 17
          },
          "end": {
            "line": 13,
            "column": 18
          }
        },
        "loc": {
          "start": {
            "line": 13,
            "column": 36
          },
          "end": {
            "line": 15,
            "column": 5
          }
        },
        "line": 13
      }
    },
    "branchMap": {},
    "s": {
      "0": 2,
      "1": 2,
      "2": 0,
      "3": 0,
      "4": 2
    },
    "f": {
      "0": 0,
      "1": 0
    },
    "b": {},
    "inputSourceMap": {
      "version": 3,
      "sources": [
        "C:/Users/drukavichnikau/Documents/RSSchool/react-rss/react-components/src/features/search/searchSlice.ts"
      ],
      "mappings": "AAAA,SAAS,mBAAkC;AAO3C,MAAM,eAA4B;AAAA,EAChC,YAAY;AAAA,EACZ,kBAAkB;AACpB;AAEO,aAAM,cAAc,YAAY;AAAA,EACrC,MAAM;AAAA,EACN;AAAA,EACA,UAAU;AAAA,IACR,OAAO,CAAC,OAAO,WAAkC;AAC/C,YAAM,aAAa,OAAO;AAAA,IAC5B;AAAA,IACA,aAAa,CAAC,OAAO,WAAkC;AACrD,YAAM,mBAAmB,OAAO;AAAA,IAClC;AAAA,EACF;AACF,CAAC;AAEM,aAAM,EAAE,OAAO,YAAY,IAAI,YAAY;AAElD,eAAe,YAAY;",
      "names": []
    },
    "_coverageSchema": "1a1c01bbd47fc00a2c39e90264f33305004495a9",
    "hash": "bae63a4e3b195292650e38d9a39dc7f5d6ba02bd"
  },
  "C:/Users/drukavichnikau/Documents/RSSchool/react-rss/react-components/src/components/Searchbar/Searchbar.component.tsx": {
    "path": "C:/Users/drukavichnikau/Documents/RSSchool/react-rss/react-components/src/components/Searchbar/Searchbar.component.tsx",
    "statementMap": {
      "0": {
        "start": {
          "line": 5,
          "column": 0
        },
        "end": {
          "line": 15,
          "column": 1
        }
      },
      "1": {
        "start": {
          "line": 6,
          "column": 2
        },
        "end": {
          "line": 8,
          "column": 3
        }
      },
      "2": {
        "start": {
          "line": 7,
          "column": 4
        },
        "end": {
          "line": 7,
          "column": 165
        }
      },
      "3": {
        "start": {
          "line": 9,
          "column": 2
        },
        "end": {
          "line": 9,
          "column": 39
        }
      },
      "4": {
        "start": {
          "line": 10,
          "column": 2
        },
        "end": {
          "line": 10,
          "column": 39
        }
      },
      "5": {
        "start": {
          "line": 11,
          "column": 2
        },
        "end": {
          "line": 13,
          "column": 4
        }
      },
      "6": {
        "start": {
          "line": 12,
          "column": 4
        },
        "end": {
          "line": 12,
          "column": 162
        }
      },
      "7": {
        "start": {
          "line": 14,
          "column": 2
        },
        "end": {
          "line": 14,
          "column": 75
        }
      },
      "8": {
        "start": {
          "line": 16,
          "column": 9
        },
        "end": {
          "line": 16,
          "column": 23
        }
      },
      "9": {
        "start": {
          "line": 23,
          "column": 2
        },
        "end": {
          "line": 23,
          "column": 7
        }
      },
      "10": {
        "start": {
          "line": 24,
          "column": 27
        },
        "end": {
          "line": 24,
          "column": 80
        }
      },
      "11": {
        "start": {
          "line": 24,
          "column": 50
        },
        "end": {
          "line": 24,
          "column": 79
        }
      },
      "12": {
        "start": {
          "line": 25,
          "column": 19
        },
        "end": {
          "line": 25,
          "column": 32
        }
      },
      "13": {
        "start": {
          "line": 29,
          "column": 6
        },
        "end": {
          "line": 29,
          "column": 15
        }
      },
      "14": {
        "start": {
          "line": 30,
          "column": 22
        },
        "end": {
          "line": 32,
          "column": 3
        }
      },
      "15": {
        "start": {
          "line": 31,
          "column": 4
        },
        "end": {
          "line": 31,
          "column": 46
        }
      },
      "16": {
        "start": {
          "line": 33,
          "column": 19
        },
        "end": {
          "line": 35,
          "column": 3
        }
      },
      "17": {
        "start": {
          "line": 34,
          "column": 4
        },
        "end": {
          "line": 34,
          "column": 38
        }
      },
      "18": {
        "start": {
          "line": 36,
          "column": 2
        },
        "end": {
          "line": 59,
          "column": 11
        }
      },
      "19": {
        "start": {
          "line": 61,
          "column": 0
        },
        "end": {
          "line": 63,
          "column": 3
        }
      },
      "20": {
        "start": {
          "line": 62,
          "column": 2
        },
        "end": {
          "line": 62,
          "column": 45
        }
      },
      "21": {
        "start": {
          "line": 64,
          "column": 0
        },
        "end": {
          "line": 64,
          "column": 15
        }
      },
      "22": {
        "start": {
          "line": 66,
          "column": 0
        },
        "end": {
          "line": 66,
          "column": 30
        }
      },
      "23": {
        "start": {
          "line": 67,
          "column": 0
        },
        "end": {
          "line": 83,
          "column": 1
        }
      },
      "24": {
        "start": {
          "line": 68,
          "column": 2
        },
        "end": {
          "line": 68,
          "column": 39
        }
      },
      "25": {
        "start": {
          "line": 69,
          "column": 2
        },
        "end": {
          "line": 69,
          "column": 39
        }
      },
      "26": {
        "start": {
          "line": 70,
          "column": 2
        },
        "end": {
          "line": 82,
          "column": 5
        }
      },
      "27": {
        "start": {
          "line": 74,
          "column": 4
        },
        "end": {
          "line": 74,
          "column": 188
        }
      },
      "28": {
        "start": {
          "line": 75,
          "column": 4
        },
        "end": {
          "line": 81,
          "column": 7
        }
      },
      "29": {
        "start": {
          "line": 76,
          "column": 6
        },
        "end": {
          "line": 77,
          "column": 15
        }
      },
      "30": {
        "start": {
          "line": 77,
          "column": 8
        },
        "end": {
          "line": 77,
          "column": 15
        }
      },
      "31": {
        "start": {
          "line": 78,
          "column": 32
        },
        "end": {
          "line": 78,
          "column": 115
        }
      },
      "32": {
        "start": {
          "line": 79,
          "column": 6
        },
        "end": {
          "line": 80,
          "column": 54
        }
      },
      "33": {
        "start": {
          "line": 80,
          "column": 8
        },
        "end": {
          "line": 80,
          "column": 54
        }
      }
    },
    "fnMap": {
      "0": {
        "name": "(anonymous_0)",
        "decl": {
          "start": {
            "line": 11,
            "column": 24
          },
          "end": {
            "line": 11,
            "column": 25
          }
        },
        "loc": {
          "start": {
            "line": 11,
            "column": 38
          },
          "end": {
            "line": 13,
            "column": 3
          }
        },
        "line": 11
      },
      "1": {
        "name": "SearchBar",
        "decl": {
          "start": {
            "line": 22,
            "column": 16
          },
          "end": {
            "line": 22,
            "column": 25
          }
        },
        "loc": {
          "start": {
            "line": 22,
            "column": 28
          },
          "end": {
            "line": 60,
            "column": 1
          }
        },
        "line": 22
      },
      "2": {
        "name": "(anonymous_2)",
        "decl": {
          "start": {
            "line": 24,
            "column": 39
          },
          "end": {
            "line": 24,
            "column": 40
          }
        },
        "loc": {
          "start": {
            "line": 24,
            "column": 50
          },
          "end": {
            "line": 24,
            "column": 79
          }
        },
        "line": 24
      },
      "3": {
        "name": "(anonymous_3)",
        "decl": {
          "start": {
            "line": 30,
            "column": 22
          },
          "end": {
            "line": 30,
            "column": 23
          }
        },
        "loc": {
          "start": {
            "line": 30,
            "column": 33
          },
          "end": {
            "line": 32,
            "column": 3
          }
        },
        "line": 30
      },
      "4": {
        "name": "(anonymous_4)",
        "decl": {
          "start": {
            "line": 33,
            "column": 19
          },
          "end": {
            "line": 33,
            "column": 20
          }
        },
        "loc": {
          "start": {
            "line": 33,
            "column": 25
          },
          "end": {
            "line": 35,
            "column": 3
          }
        },
        "line": 33
      },
      "5": {
        "name": "(anonymous_5)",
        "decl": {
          "start": {
            "line": 61,
            "column": 53
          },
          "end": {
            "line": 61,
            "column": 54
          }
        },
        "loc": {
          "start": {
            "line": 61,
            "column": 64
          },
          "end": {
            "line": 63,
            "column": 1
          }
        },
        "line": 61
      },
      "6": {
        "name": "(anonymous_6)",
        "decl": {
          "start": {
            "line": 73,
            "column": 9
          },
          "end": {
            "line": 73,
            "column": 10
          }
        },
        "loc": {
          "start": {
            "line": 73,
            "column": 29
          },
          "end": {
            "line": 82,
            "column": 3
          }
        },
        "line": 73
      },
      "7": {
        "name": "(anonymous_7)",
        "decl": {
          "start": {
            "line": 75,
            "column": 27
          },
          "end": {
            "line": 75,
            "column": 28
          }
        },
        "loc": {
          "start": {
            "line": 75,
            "column": 44
          },
          "end": {
            "line": 81,
            "column": 5
          }
        },
        "line": 75
      }
    },
    "branchMap": {
      "0": {
        "loc": {
          "start": {
            "line": 5,
            "column": 0
          },
          "end": {
            "line": 15,
            "column": 1
          }
        },
        "type": "if",
        "locations": [
          {
            "start": {
              "line": 5,
              "column": 0
            },
            "end": {
              "line": 15,
              "column": 1
            }
          },
          {
            "start": {},
            "end": {}
          }
        ],
        "line": 5
      },
      "1": {
        "loc": {
          "start": {
            "line": 6,
            "column": 2
          },
          "end": {
            "line": 8,
            "column": 3
          }
        },
        "type": "if",
        "locations": [
          {
            "start": {
              "line": 6,
              "column": 2
            },
            "end": {
              "line": 8,
              "column": 3
            }
          },
          {
            "start": {},
            "end": {}
          }
        ],
        "line": 6
      },
      "2": {
        "loc": {
          "start": {
            "line": 67,
            "column": 0
          },
          "end": {
            "line": 83,
            "column": 1
          }
        },
        "type": "if",
        "locations": [
          {
            "start": {
              "line": 67,
              "column": 0
            },
            "end": {
              "line": 83,
              "column": 1
            }
          },
          {
            "start": {},
            "end": {}
          }
        ],
        "line": 67
      },
      "3": {
        "loc": {
          "start": {
            "line": 76,
            "column": 6
          },
          "end": {
            "line": 77,
            "column": 15
          }
        },
        "type": "if",
        "locations": [
          {
            "start": {
              "line": 76,
              "column": 6
            },
            "end": {
              "line": 77,
              "column": 15
            }
          },
          {
            "start": {},
            "end": {}
          }
        ],
        "line": 76
      },
      "4": {
        "loc": {
          "start": {
            "line": 79,
            "column": 6
          },
          "end": {
            "line": 80,
            "column": 54
          }
        },
        "type": "if",
        "locations": [
          {
            "start": {
              "line": 79,
              "column": 6
            },
            "end": {
              "line": 80,
              "column": 54
            }
          },
          {
            "start": {},
            "end": {}
          }
        ],
        "line": 79
      }
    },
    "s": {
      "0": 2,
      "1": 2,
      "2": 0,
      "3": 2,
      "4": 2,
      "5": 2,
      "6": 2,
      "7": 2,
      "8": 2,
      "9": 0,
      "10": 0,
      "11": 0,
      "12": 0,
      "13": 0,
      "14": 0,
      "15": 0,
      "16": 0,
      "17": 0,
      "18": 0,
      "19": 2,
      "20": 0,
      "21": 2,
      "22": 2,
      "23": 2,
      "24": 2,
      "25": 2,
      "26": 2,
      "27": 2,
      "28": 2,
      "29": 0,
      "30": 0,
      "31": 0,
      "32": 0,
      "33": 0
    },
    "f": {
      "0": 2,
      "1": 0,
      "2": 0,
      "3": 0,
      "4": 0,
      "5": 0,
      "6": 2,
      "7": 0
    },
    "b": {
      "0": [
        2,
        0
      ],
      "1": [
        0,
        2
      ],
      "2": [
        2,
        0
      ],
      "3": [
        0,
        0
      ],
      "4": [
        0,
        0
      ]
    },
    "inputSourceMap": {
      "version": 3,
      "mappings": "AA6BQ;;;;;;;;;;;;;;;;AA5BR,OAAO;AACP,SAASA,gBAAgB;AACzB,SAASC,eAA8B;AACvC,SAASC,aAAaC,mBAAmB;AAEzC,SAASC,OAAOC,mBAAmB;AAM5B,gBAASC,YAAY;AAAAC;AAC1B,QAAMC,mBAAmBL,YAAY,CAACM,UAAqBA,MAAMC,OAAOC,gBAAgB;AACxF,QAAMC,WAAWV,YAAW;AAE5B,QAAM;AAAA,IAAEW;AAAAA,IAAUC;AAAAA,EAAa,IAAIb,QAAkB;AAErD,QAAMc,cAAcA,CAACC,UAAyC;AAC5DJ,aAASP,YAAYW,MAAMC,OAAOC,KAAK,CAAC;AAAA,EAC1C;AAEA,QAAMC,WAAqCA,MAAM;AAC/CP,aAASR,MAAMI,gBAAgB,CAAC;AAAA,EAClC;AAEA,SACE,uBAAC,SAAI,WAAU,aAAY,eAAY,sBACrC,iCAAC,UAAK,WAAU,cAAa,UAAUM,aAAaK,QAAQ,GAC1D;AAAA,2BAAC,WACC,GAAIN,SAAS,MAAM,GACnB,MAAK,QACL,OAAOL,kBACP,aAAY,gBACZ,SAASO,eALX;AAAA;AAAA;AAAA;AAAA,WAMC;AAAA,IACD,uBAAC,YAAO,MAAK,UAAS,eAAY,yBAChC,iCAAC,cAAD;AAAA;AAAA;AAAA;AAAA,WAAS,KADX;AAAA;AAAA;AAAA;AAAA,WAEA;AAAA,OAVF;AAAA;AAAA;AAAA;AAAA,SAWA,KAZF;AAAA;AAAA;AAAA;AAAA,SAaA;AAEJ;AAACR,GA9BeD,WAAS;AAAA,UACEH,aACRD,aAEkBD,OAAO;AAAA;AAAAmB,KAJ5Bd;AAAS;AAAAe",
      "names": [
        "BsSearch",
        "useForm",
        "useDispatch",
        "useSelector",
        "query",
        "inputChange",
        "SearchBar",
        "_s",
        "searchInputValue",
        "state",
        "search",
        "searchInputvalue",
        "dispatch",
        "register",
        "handleSubmit",
        "hadleChange",
        "event",
        "target",
        "value",
        "onSubmit",
        "_c",
        "$RefreshReg$"
      ],
      "sources": [
        "C:/Users/drukavichnikau/Documents/RSSchool/react-rss/react-components/src/components/Searchbar/Searchbar.component.tsx"
      ],
      "file": "C:/Users/drukavichnikau/Documents/RSSchool/react-rss/react-components/src/components/Searchbar/Searchbar.component.tsx"
    },
    "_coverageSchema": "1a1c01bbd47fc00a2c39e90264f33305004495a9",
    "hash": "0481722a5af71a16a1cc375464f5d9a1ce9ddb63"
  },
  "C:/Users/drukavichnikau/Documents/RSSchool/react-rss/react-components/src/features/characters/charactersSlice.ts": {
    "path": "C:/Users/drukavichnikau/Documents/RSSchool/react-rss/react-components/src/features/characters/charactersSlice.ts",
    "statementMap": {
      "0": {
        "start": {
          "line": 2,
          "column": 21
        },
        "end": {
          "line": 6,
          "column": 1
        }
      },
      "1": {
        "start": {
          "line": 7,
          "column": 31
        },
        "end": {
          "line": 18,
          "column": 2
        }
      },
      "2": {
        "start": {
          "line": 12,
          "column": 6
        },
        "end": {
          "line": 12,
          "column": 49
        }
      },
      "3": {
        "start": {
          "line": 15,
          "column": 6
        },
        "end": {
          "line": 15,
          "column": 41
        }
      },
      "4": {
        "start": {
          "line": 19,
          "column": 48
        },
        "end": {
          "line": 19,
          "column": 71
        }
      }
    },
    "fnMap": {
      "0": {
        "name": "(anonymous_0)",
        "decl": {
          "start": {
            "line": 11,
            "column": 21
          },
          "end": {
            "line": 11,
            "column": 22
          }
        },
        "loc": {
          "start": {
            "line": 11,
            "column": 40
          },
          "end": {
            "line": 13,
            "column": 5
          }
        },
        "line": 11
      },
      "1": {
        "name": "(anonymous_1)",
        "decl": {
          "start": {
            "line": 14,
            "column": 17
          },
          "end": {
            "line": 14,
            "column": 18
          }
        },
        "loc": {
          "start": {
            "line": 14,
            "column": 36
          },
          "end": {
            "line": 16,
            "column": 5
          }
        },
        "line": 14
      }
    },
    "branchMap": {},
    "s": {
      "0": 2,
      "1": 2,
      "2": 0,
      "3": 0,
      "4": 2
    },
    "f": {
      "0": 0,
      "1": 0
    },
    "b": {},
    "inputSourceMap": {
      "version": 3,
      "sources": [
        "C:/Users/drukavichnikau/Documents/RSSchool/react-rss/react-components/src/features/characters/charactersSlice.ts"
      ],
      "mappings": "AAAA,SAAS,mBAAkC;AAS3C,MAAM,eAAgC;AAAA,EACpC,qBAAqB;AAAA,EACrB,YAAY;AAAA,EACZ,aAAa;AACf;AAEO,aAAM,kBAAkB,YAAY;AAAA,EACzC,MAAM;AAAA,EACN;AAAA,EACA,UAAU;AAAA,IACR,iBAAiB,CAAC,OAAO,WAAkC;AACzD,YAAM,sBAAsB,OAAO;AAAA,IACrC;AAAA,IACA,aAAa,CAAC,OAAO,WAAmC;AACtD,YAAM,cAAc,OAAO;AAAA,IAC7B;AAAA,EACF;AACF,CAAC;AAEM,aAAM,EAAE,iBAAiB,YAAY,IAAI,gBAAgB;AAEhE,eAAe,gBAAgB;",
      "names": []
    },
    "_coverageSchema": "1a1c01bbd47fc00a2c39e90264f33305004495a9",
    "hash": "29cfe150af37b3cc4bc8792b4797579e28cabd0b"
  },
  "C:/Users/drukavichnikau/Documents/RSSchool/react-rss/react-components/src/components/Card/Card.component.tsx": {
    "path": "C:/Users/drukavichnikau/Documents/RSSchool/react-rss/react-components/src/components/Card/Card.component.tsx",
    "statementMap": {
      "0": {
        "start": {
          "line": 5,
          "column": 0
        },
        "end": {
          "line": 15,
          "column": 1
        }
      },
      "1": {
        "start": {
          "line": 6,
          "column": 2
        },
        "end": {
          "line": 8,
          "column": 3
        }
      },
      "2": {
        "start": {
          "line": 7,
          "column": 4
        },
        "end": {
          "line": 7,
          "column": 165
        }
      },
      "3": {
        "start": {
          "line": 9,
          "column": 2
        },
        "end": {
          "line": 9,
          "column": 39
        }
      },
      "4": {
        "start": {
          "line": 10,
          "column": 2
        },
        "end": {
          "line": 10,
          "column": 39
        }
      },
      "5": {
        "start": {
          "line": 11,
          "column": 2
        },
        "end": {
          "line": 13,
          "column": 4
        }
      },
      "6": {
        "start": {
          "line": 12,
          "column": 4
        },
        "end": {
          "line": 12,
          "column": 152
        }
      },
      "7": {
        "start": {
          "line": 14,
          "column": 2
        },
        "end": {
          "line": 14,
          "column": 75
        }
      },
      "8": {
        "start": {
          "line": 16,
          "column": 9
        },
        "end": {
          "line": 16,
          "column": 23
        }
      },
      "9": {
        "start": {
          "line": 21,
          "column": 2
        },
        "end": {
          "line": 21,
          "column": 7
        }
      },
      "10": {
        "start": {
          "line": 22,
          "column": 19
        },
        "end": {
          "line": 22,
          "column": 32
        }
      },
      "11": {
        "start": {
          "line": 23,
          "column": 22
        },
        "end": {
          "line": 26,
          "column": 3
        }
      },
      "12": {
        "start": {
          "line": 24,
          "column": 4
        },
        "end": {
          "line": 24,
          "column": 32
        }
      },
      "13": {
        "start": {
          "line": 25,
          "column": 4
        },
        "end": {
          "line": 25,
          "column": 48
        }
      },
      "14": {
        "start": {
          "line": 27,
          "column": 2
        },
        "end": {
          "line": 42,
          "column": 11
        }
      },
      "15": {
        "start": {
          "line": 44,
          "column": 0
        },
        "end": {
          "line": 46,
          "column": 3
        }
      },
      "16": {
        "start": {
          "line": 45,
          "column": 2
        },
        "end": {
          "line": 45,
          "column": 23
        }
      },
      "17": {
        "start": {
          "line": 47,
          "column": 0
        },
        "end": {
          "line": 47,
          "column": 10
        }
      },
      "18": {
        "start": {
          "line": 49,
          "column": 0
        },
        "end": {
          "line": 49,
          "column": 25
        }
      },
      "19": {
        "start": {
          "line": 50,
          "column": 0
        },
        "end": {
          "line": 66,
          "column": 1
        }
      },
      "20": {
        "start": {
          "line": 51,
          "column": 2
        },
        "end": {
          "line": 51,
          "column": 39
        }
      },
      "21": {
        "start": {
          "line": 52,
          "column": 2
        },
        "end": {
          "line": 52,
          "column": 39
        }
      },
      "22": {
        "start": {
          "line": 53,
          "column": 2
        },
        "end": {
          "line": 65,
          "column": 5
        }
      },
      "23": {
        "start": {
          "line": 57,
          "column": 4
        },
        "end": {
          "line": 57,
          "column": 178
        }
      },
      "24": {
        "start": {
          "line": 58,
          "column": 4
        },
        "end": {
          "line": 64,
          "column": 7
        }
      },
      "25": {
        "start": {
          "line": 59,
          "column": 6
        },
        "end": {
          "line": 60,
          "column": 15
        }
      },
      "26": {
        "start": {
          "line": 60,
          "column": 8
        },
        "end": {
          "line": 60,
          "column": 15
        }
      },
      "27": {
        "start": {
          "line": 61,
          "column": 32
        },
        "end": {
          "line": 61,
          "column": 115
        }
      },
      "28": {
        "start": {
          "line": 62,
          "column": 6
        },
        "end": {
          "line": 63,
          "column": 54
        }
      },
      "29": {
        "start": {
          "line": 63,
          "column": 8
        },
        "end": {
          "line": 63,
          "column": 54
        }
      }
    },
    "fnMap": {
      "0": {
        "name": "(anonymous_0)",
        "decl": {
          "start": {
            "line": 11,
            "column": 24
          },
          "end": {
            "line": 11,
            "column": 25
          }
        },
        "loc": {
          "start": {
            "line": 11,
            "column": 38
          },
          "end": {
            "line": 13,
            "column": 3
          }
        },
        "line": 11
      },
      "1": {
        "name": "Card",
        "decl": {
          "start": {
            "line": 20,
            "column": 16
          },
          "end": {
            "line": 20,
            "column": 20
          }
        },
        "loc": {
          "start": {
            "line": 20,
            "column": 28
          },
          "end": {
            "line": 43,
            "column": 1
          }
        },
        "line": 20
      },
      "2": {
        "name": "(anonymous_2)",
        "decl": {
          "start": {
            "line": 23,
            "column": 22
          },
          "end": {
            "line": 23,
            "column": 23
          }
        },
        "loc": {
          "start": {
            "line": 23,
            "column": 28
          },
          "end": {
            "line": 26,
            "column": 3
          }
        },
        "line": 23
      },
      "3": {
        "name": "(anonymous_3)",
        "decl": {
          "start": {
            "line": 44,
            "column": 48
          },
          "end": {
            "line": 44,
            "column": 49
          }
        },
        "loc": {
          "start": {
            "line": 44,
            "column": 59
          },
          "end": {
            "line": 46,
            "column": 1
          }
        },
        "line": 44
      },
      "4": {
        "name": "(anonymous_4)",
        "decl": {
          "start": {
            "line": 56,
            "column": 9
          },
          "end": {
            "line": 56,
            "column": 10
          }
        },
        "loc": {
          "start": {
            "line": 56,
            "column": 29
          },
          "end": {
            "line": 65,
            "column": 3
          }
        },
        "line": 56
      },
      "5": {
        "name": "(anonymous_5)",
        "decl": {
          "start": {
            "line": 58,
            "column": 27
          },
          "end": {
            "line": 58,
            "column": 28
          }
        },
        "loc": {
          "start": {
            "line": 58,
            "column": 44
          },
          "end": {
            "line": 64,
            "column": 5
          }
        },
        "line": 58
      }
    },
    "branchMap": {
      "0": {
        "loc": {
          "start": {
            "line": 5,
            "column": 0
          },
          "end": {
            "line": 15,
            "column": 1
          }
        },
        "type": "if",
        "locations": [
          {
            "start": {
              "line": 5,
              "column": 0
            },
            "end": {
              "line": 15,
              "column": 1
            }
          },
          {
            "start": {},
            "end": {}
          }
        ],
        "line": 5
      },
      "1": {
        "loc": {
          "start": {
            "line": 6,
            "column": 2
          },
          "end": {
            "line": 8,
            "column": 3
          }
        },
        "type": "if",
        "locations": [
          {
            "start": {
              "line": 6,
              "column": 2
            },
            "end": {
              "line": 8,
              "column": 3
            }
          },
          {
            "start": {},
            "end": {}
          }
        ],
        "line": 6
      },
      "2": {
        "loc": {
          "start": {
            "line": 50,
            "column": 0
          },
          "end": {
            "line": 66,
            "column": 1
          }
        },
        "type": "if",
        "locations": [
          {
            "start": {
              "line": 50,
              "column": 0
            },
            "end": {
              "line": 66,
              "column": 1
            }
          },
          {
            "start": {},
            "end": {}
          }
        ],
        "line": 50
      },
      "3": {
        "loc": {
          "start": {
            "line": 59,
            "column": 6
          },
          "end": {
            "line": 60,
            "column": 15
          }
        },
        "type": "if",
        "locations": [
          {
            "start": {
              "line": 59,
              "column": 6
            },
            "end": {
              "line": 60,
              "column": 15
            }
          },
          {
            "start": {},
            "end": {}
          }
        ],
        "line": 59
      },
      "4": {
        "loc": {
          "start": {
            "line": 62,
            "column": 6
          },
          "end": {
            "line": 63,
            "column": 54
          }
        },
        "type": "if",
        "locations": [
          {
            "start": {
              "line": 62,
              "column": 6
            },
            "end": {
              "line": 63,
              "column": 54
            }
          },
          {
            "start": {},
            "end": {}
          }
        ],
        "line": 62
      }
    },
    "s": {
      "0": 2,
      "1": 2,
      "2": 0,
      "3": 2,
      "4": 2,
      "5": 2,
      "6": 2,
      "7": 2,
      "8": 2,
      "9": 0,
      "10": 0,
      "11": 0,
      "12": 0,
      "13": 0,
      "14": 0,
      "15": 2,
      "16": 0,
      "17": 2,
      "18": 2,
      "19": 2,
      "20": 2,
      "21": 2,
      "22": 2,
      "23": 2,
      "24": 2,
      "25": 0,
      "26": 0,
      "27": 0,
      "28": 0,
      "29": 0
    },
    "f": {
      "0": 2,
      "1": 0,
      "2": 0,
      "3": 0,
      "4": 2,
      "5": 0
    },
    "b": {
      "0": [
        2,
        0
      ],
      "1": [
        0,
        2
      ],
      "2": [
        2,
        0
      ],
      "3": [
        0,
        0
      ],
      "4": [
        0,
        0
      ]
    },
    "inputSourceMap": {
      "version": 3,
      "mappings": "AAoBM;;;;;;;;;;;;;;;;AAnBN,OAAO;AAEP,SAASA,mBAAmB;AAC5B,SAASC,iBAAiBC,mBAAmB;AAOtC,gBAASC,KAAKC,OAAkB;AAAAC;AACrC,QAAMC,WAAWN,YAAW;AAE5B,QAAMO,cAAcA,MAAM;AACxBD,aAASJ,YAAY,IAAI,CAAC;AAC1BI,aAASL,gBAAgBG,MAAMI,QAAQC,EAAE,CAAC;AAAA,EAC5C;AACA,SACE,uBAAC,SAAI,WAAU,gBAAe,eAAY,gBAAe,SAASF,aAChE;AAAA,2BAAC,SAAI,KAAKH,MAAMI,QAAQE,OAAO,KAAI,mBAAnC;AAAA;AAAA;AAAA;AAAA,WAAkD;AAAA,IAClD,uBAAC,OAAE,WAAU,gBAAgBN,gBAAMI,QAAQG,QAA3C;AAAA;AAAA;AAAA;AAAA,WAAgD;AAAA,OAFlD;AAAA;AAAA;AAAA;AAAA,SAGA;AAEJ;AAACN,GAbeF,MAAI;AAAA,UACDH,WAAW;AAAA;AAAAY,KADdT;AAAI;AAAAU",
      "names": [
        "useDispatch",
        "selectCharacter",
        "toggleModal",
        "Card",
        "props",
        "_s",
        "dispatch",
        "onCardClick",
        "content",
        "id",
        "image",
        "name",
        "_c",
        "$RefreshReg$"
      ],
      "sources": [
        "C:/Users/drukavichnikau/Documents/RSSchool/react-rss/react-components/src/components/Card/Card.component.tsx"
      ],
      "file": "C:/Users/drukavichnikau/Documents/RSSchool/react-rss/react-components/src/components/Card/Card.component.tsx"
    },
    "_coverageSchema": "1a1c01bbd47fc00a2c39e90264f33305004495a9",
    "hash": "1393ac6cd1b0752b206a7d78c10892ce23fde86f"
  },
  "C:/Users/drukavichnikau/Documents/RSSchool/react-rss/react-components/src/features/api/apiSlice.ts": {
    "path": "C:/Users/drukavichnikau/Documents/RSSchool/react-rss/react-components/src/features/api/apiSlice.ts",
    "statementMap": {
      "0": {
        "start": {
          "line": 2,
          "column": 24
        },
        "end": {
          "line": 24,
          "column": 2
        }
      },
      "1": {
        "start": {
          "line": 5,
          "column": 27
        },
        "end": {
          "line": 23,
          "column": 3
        }
      },
      "2": {
        "start": {
          "line": 8,
          "column": 25
        },
        "end": {
          "line": 8,
          "column": 28
        }
      },
      "3": {
        "start": {
          "line": 9,
          "column": 8
        },
        "end": {
          "line": 12,
          "column": 10
        }
      },
      "4": {
        "start": {
          "line": 17,
          "column": 23
        },
        "end": {
          "line": 17,
          "column": 26
        }
      },
      "5": {
        "start": {
          "line": 18,
          "column": 8
        },
        "end": {
          "line": 20,
          "column": 10
        }
      },
      "6": {
        "start": {
          "line": 25,
          "column": 63
        },
        "end": {
          "line": 25,
          "column": 71
        }
      }
    },
    "fnMap": {
      "0": {
        "name": "(anonymous_0)",
        "decl": {
          "start": {
            "line": 5,
            "column": 13
          },
          "end": {
            "line": 5,
            "column": 14
          }
        },
        "loc": {
          "start": {
            "line": 5,
            "column": 27
          },
          "end": {
            "line": 23,
            "column": 3
          }
        },
        "line": 5
      },
      "1": {
        "name": "(anonymous_1)",
        "decl": {
          "start": {
            "line": 7,
            "column": 13
          },
          "end": {
            "line": 7,
            "column": 14
          }
        },
        "loc": {
          "start": {
            "line": 7,
            "column": 22
          },
          "end": {
            "line": 13,
            "column": 7
          }
        },
        "line": 7
      },
      "2": {
        "name": "(anonymous_2)",
        "decl": {
          "start": {
            "line": 16,
            "column": 13
          },
          "end": {
            "line": 16,
            "column": 14
          }
        },
        "loc": {
          "start": {
            "line": 16,
            "column": 22
          },
          "end": {
            "line": 21,
            "column": 7
          }
        },
        "line": 16
      }
    },
    "branchMap": {},
    "s": {
      "0": 2,
      "1": 2,
      "2": 0,
      "3": 0,
      "4": 0,
      "5": 0,
      "6": 2
    },
    "f": {
      "0": 2,
      "1": 0,
      "2": 0
    },
    "b": {},
    "inputSourceMap": {
      "version": 3,
      "sources": [
        "C:/Users/drukavichnikau/Documents/RSSchool/react-rss/react-components/src/features/api/apiSlice.ts"
      ],
      "mappings": "AAAA,SAAS,WAAW,sBAAsB;AAEnC,aAAM,WAAW,UAAU;AAAA,EAChC,aAAa;AAAA,EACb,WAAW,eAAe,EAAE,SAAS,kCAAkC,CAAC;AAAA,EACxE,WAAW,CAAC,aAAa;AAAA,IACvB,eAAe,QAAQ,MAAM;AAAA,MAC3B,OAAO,CAAC,QAAQ;AACd,cAAM,EAAE,KAAK,IAAI;AACjB,eAAO;AAAA,UACL,KAAK;AAAA,UACL,QAAQ,EAAE,KAAK;AAAA,QACjB;AAAA,MACF;AAAA,IACF,CAAC;AAAA,IACD,cAAc,QAAQ,MAAM;AAAA,MAC1B,OAAO,CAAC,QAAQ;AACd,cAAM,EAAE,GAAG,IAAI;AACf,eAAO;AAAA,UACL,KAAK,cAAc;AAAA,QACrB;AAAA,MACF;AAAA,IACF,CAAC;AAAA,EACH;AACF,CAAC;AAEM,aAAM,EAAE,uBAAuB,qBAAqB,IAAI;",
      "names": []
    },
    "_coverageSchema": "1a1c01bbd47fc00a2c39e90264f33305004495a9",
    "hash": "f619e6929545a00d92ffa4566166b935f5da6107"
  },
  "C:/Users/drukavichnikau/Documents/RSSchool/react-rss/react-components/src/components/Spinner/Spinner.component.tsx": {
    "path": "C:/Users/drukavichnikau/Documents/RSSchool/react-rss/react-components/src/components/Spinner/Spinner.component.tsx",
    "statementMap": {
      "0": {
        "start": {
          "line": 5,
          "column": 0
        },
        "end": {
          "line": 15,
          "column": 1
        }
      },
      "1": {
        "start": {
          "line": 6,
          "column": 2
        },
        "end": {
          "line": 8,
          "column": 3
        }
      },
      "2": {
        "start": {
          "line": 7,
          "column": 4
        },
        "end": {
          "line": 7,
          "column": 165
        }
      },
      "3": {
        "start": {
          "line": 9,
          "column": 2
        },
        "end": {
          "line": 9,
          "column": 39
        }
      },
      "4": {
        "start": {
          "line": 10,
          "column": 2
        },
        "end": {
          "line": 10,
          "column": 39
        }
      },
      "5": {
        "start": {
          "line": 11,
          "column": 2
        },
        "end": {
          "line": 13,
          "column": 4
        }
      },
      "6": {
        "start": {
          "line": 12,
          "column": 4
        },
        "end": {
          "line": 12,
          "column": 158
        }
      },
      "7": {
        "start": {
          "line": 14,
          "column": 2
        },
        "end": {
          "line": 14,
          "column": 75
        }
      },
      "8": {
        "start": {
          "line": 18,
          "column": 2
        },
        "end": {
          "line": 26,
          "column": 11
        }
      },
      "9": {
        "start": {
          "line": 28,
          "column": 0
        },
        "end": {
          "line": 28,
          "column": 20
        }
      },
      "10": {
        "start": {
          "line": 30,
          "column": 0
        },
        "end": {
          "line": 30,
          "column": 35
        }
      },
      "11": {
        "start": {
          "line": 31,
          "column": 0
        },
        "end": {
          "line": 47,
          "column": 1
        }
      },
      "12": {
        "start": {
          "line": 32,
          "column": 2
        },
        "end": {
          "line": 32,
          "column": 39
        }
      },
      "13": {
        "start": {
          "line": 33,
          "column": 2
        },
        "end": {
          "line": 33,
          "column": 39
        }
      },
      "14": {
        "start": {
          "line": 34,
          "column": 2
        },
        "end": {
          "line": 46,
          "column": 5
        }
      },
      "15": {
        "start": {
          "line": 38,
          "column": 4
        },
        "end": {
          "line": 38,
          "column": 184
        }
      },
      "16": {
        "start": {
          "line": 39,
          "column": 4
        },
        "end": {
          "line": 45,
          "column": 7
        }
      },
      "17": {
        "start": {
          "line": 40,
          "column": 6
        },
        "end": {
          "line": 41,
          "column": 15
        }
      },
      "18": {
        "start": {
          "line": 41,
          "column": 8
        },
        "end": {
          "line": 41,
          "column": 15
        }
      },
      "19": {
        "start": {
          "line": 42,
          "column": 32
        },
        "end": {
          "line": 42,
          "column": 115
        }
      },
      "20": {
        "start": {
          "line": 43,
          "column": 6
        },
        "end": {
          "line": 44,
          "column": 54
        }
      },
      "21": {
        "start": {
          "line": 44,
          "column": 8
        },
        "end": {
          "line": 44,
          "column": 54
        }
      }
    },
    "fnMap": {
      "0": {
        "name": "(anonymous_0)",
        "decl": {
          "start": {
            "line": 11,
            "column": 24
          },
          "end": {
            "line": 11,
            "column": 25
          }
        },
        "loc": {
          "start": {
            "line": 11,
            "column": 38
          },
          "end": {
            "line": 13,
            "column": 3
          }
        },
        "line": 11
      },
      "1": {
        "name": "LoadingSpinner",
        "decl": {
          "start": {
            "line": 17,
            "column": 16
          },
          "end": {
            "line": 17,
            "column": 30
          }
        },
        "loc": {
          "start": {
            "line": 17,
            "column": 33
          },
          "end": {
            "line": 27,
            "column": 1
          }
        },
        "line": 17
      },
      "2": {
        "name": "(anonymous_2)",
        "decl": {
          "start": {
            "line": 37,
            "column": 9
          },
          "end": {
            "line": 37,
            "column": 10
          }
        },
        "loc": {
          "start": {
            "line": 37,
            "column": 29
          },
          "end": {
            "line": 46,
            "column": 3
          }
        },
        "line": 37
      },
      "3": {
        "name": "(anonymous_3)",
        "decl": {
          "start": {
            "line": 39,
            "column": 27
          },
          "end": {
            "line": 39,
            "column": 28
          }
        },
        "loc": {
          "start": {
            "line": 39,
            "column": 44
          },
          "end": {
            "line": 45,
            "column": 5
          }
        },
        "line": 39
      }
    },
    "branchMap": {
      "0": {
        "loc": {
          "start": {
            "line": 5,
            "column": 0
          },
          "end": {
            "line": 15,
            "column": 1
          }
        },
        "type": "if",
        "locations": [
          {
            "start": {
              "line": 5,
              "column": 0
            },
            "end": {
              "line": 15,
              "column": 1
            }
          },
          {
            "start": {},
            "end": {}
          }
        ],
        "line": 5
      },
      "1": {
        "loc": {
          "start": {
            "line": 6,
            "column": 2
          },
          "end": {
            "line": 8,
            "column": 3
          }
        },
        "type": "if",
        "locations": [
          {
            "start": {
              "line": 6,
              "column": 2
            },
            "end": {
              "line": 8,
              "column": 3
            }
          },
          {
            "start": {},
            "end": {}
          }
        ],
        "line": 6
      },
      "2": {
        "loc": {
          "start": {
            "line": 31,
            "column": 0
          },
          "end": {
            "line": 47,
            "column": 1
          }
        },
        "type": "if",
        "locations": [
          {
            "start": {
              "line": 31,
              "column": 0
            },
            "end": {
              "line": 47,
              "column": 1
            }
          },
          {
            "start": {},
            "end": {}
          }
        ],
        "line": 31
      },
      "3": {
        "loc": {
          "start": {
            "line": 40,
            "column": 6
          },
          "end": {
            "line": 41,
            "column": 15
          }
        },
        "type": "if",
        "locations": [
          {
            "start": {
              "line": 40,
              "column": 6
            },
            "end": {
              "line": 41,
              "column": 15
            }
          },
          {
            "start": {},
            "end": {}
          }
        ],
        "line": 40
      },
      "4": {
        "loc": {
          "start": {
            "line": 43,
            "column": 6
          },
          "end": {
            "line": 44,
            "column": 54
          }
        },
        "type": "if",
        "locations": [
          {
            "start": {
              "line": 43,
              "column": 6
            },
            "end": {
              "line": 44,
              "column": 54
            }
          },
          {
            "start": {},
            "end": {}
          }
        ],
        "line": 43
      }
    },
    "s": {
      "0": 2,
      "1": 2,
      "2": 0,
      "3": 2,
      "4": 2,
      "5": 2,
      "6": 2,
      "7": 2,
      "8": 0,
      "9": 2,
      "10": 2,
      "11": 2,
      "12": 2,
      "13": 2,
      "14": 2,
      "15": 2,
      "16": 2,
      "17": 0,
      "18": 0,
      "19": 0,
      "20": 0,
      "21": 0
    },
    "f": {
      "0": 2,
      "1": 0,
      "2": 2,
      "3": 0
    },
    "b": {
      "0": [
        2,
        0
      ],
      "1": [
        0,
        2
      ],
      "2": [
        2,
        0
      ],
      "3": [
        0,
        0
      ],
      "4": [
        0,
        0
      ]
    },
    "inputSourceMap": {
      "version": 3,
      "mappings": "AAMM;AANN,OAAOA,oBAAkB;AAAA;AAAA;AAAA;AAAA;AAAA;AAAA;AAAA;AAAA;AAAA;AAAA;AAAA;AAAA;AAAA;AACzB,OAAO;AAEA,gBAASC,iBAAiB;AAC/B,SACE,uBAAC,SAAI,WAAU,qBAAoB,eAAY,mBAC7C,iCAAC,SAAI,WAAU,qBAAf;AAAA;AAAA;AAAA;AAAA,SAAiC,KADnC;AAAA;AAAA;AAAA;AAAA,SAEA;AAEJ;AAACC,KANeD;AAAc;AAAAE",
      "names": [
        "React",
        "LoadingSpinner",
        "_c",
        "$RefreshReg$"
      ],
      "sources": [
        "C:/Users/drukavichnikau/Documents/RSSchool/react-rss/react-components/src/components/Spinner/Spinner.component.tsx"
      ],
      "file": "C:/Users/drukavichnikau/Documents/RSSchool/react-rss/react-components/src/components/Spinner/Spinner.component.tsx"
    },
    "_coverageSchema": "1a1c01bbd47fc00a2c39e90264f33305004495a9",
    "hash": "7a80b541db73b9b97eec0ff3695a9542e9fa261c"
  },
  "C:/Users/drukavichnikau/Documents/RSSchool/react-rss/react-components/src/components/CardList/CardList.component.tsx": {
    "path": "C:/Users/drukavichnikau/Documents/RSSchool/react-rss/react-components/src/components/CardList/CardList.component.tsx",
    "statementMap": {
      "0": {
        "start": {
          "line": 5,
          "column": 0
        },
        "end": {
          "line": 15,
          "column": 1
        }
      },
      "1": {
        "start": {
          "line": 6,
          "column": 2
        },
        "end": {
          "line": 8,
          "column": 3
        }
      },
      "2": {
        "start": {
          "line": 7,
          "column": 4
        },
        "end": {
          "line": 7,
          "column": 165
        }
      },
      "3": {
        "start": {
          "line": 9,
          "column": 2
        },
        "end": {
          "line": 9,
          "column": 39
        }
      },
      "4": {
        "start": {
          "line": 10,
          "column": 2
        },
        "end": {
          "line": 10,
          "column": 39
        }
      },
      "5": {
        "start": {
          "line": 11,
          "column": 2
        },
        "end": {
          "line": 13,
          "column": 4
        }
      },
      "6": {
        "start": {
          "line": 12,
          "column": 4
        },
        "end": {
          "line": 12,
          "column": 160
        }
      },
      "7": {
        "start": {
          "line": 14,
          "column": 2
        },
        "end": {
          "line": 14,
          "column": 75
        }
      },
      "8": {
        "start": {
          "line": 16,
          "column": 9
        },
        "end": {
          "line": 16,
          "column": 23
        }
      },
      "9": {
        "start": {
          "line": 23,
          "column": 2
        },
        "end": {
          "line": 23,
          "column": 7
        }
      },
      "10": {
        "start": {
          "line": 24,
          "column": 21
        },
        "end": {
          "line": 24,
          "column": 68
        }
      },
      "11": {
        "start": {
          "line": 24,
          "column": 44
        },
        "end": {
          "line": 24,
          "column": 67
        }
      },
      "12": {
        "start": {
          "line": 30,
          "column": 6
        },
        "end": {
          "line": 32,
          "column": 4
        }
      },
      "13": {
        "start": {
          "line": 34,
          "column": 2
        },
        "end": {
          "line": 52,
          "column": 3
        }
      },
      "14": {
        "start": {
          "line": 35,
          "column": 4
        },
        "end": {
          "line": 39,
          "column": 13
        }
      },
      "15": {
        "start": {
          "line": 40,
          "column": 9
        },
        "end": {
          "line": 52,
          "column": 3
        }
      },
      "16": {
        "start": {
          "line": 41,
          "column": 4
        },
        "end": {
          "line": 45,
          "column": 14
        }
      },
      "17": {
        "start": {
          "line": 41,
          "column": 86
        },
        "end": {
          "line": 45,
          "column": 12
        }
      },
      "18": {
        "start": {
          "line": 46,
          "column": 9
        },
        "end": {
          "line": 52,
          "column": 3
        }
      },
      "19": {
        "start": {
          "line": 47,
          "column": 4
        },
        "end": {
          "line": 51,
          "column": 13
        }
      },
      "20": {
        "start": {
          "line": 53,
          "column": 2
        },
        "end": {
          "line": 57,
          "column": 11
        }
      },
      "21": {
        "start": {
          "line": 59,
          "column": 0
        },
        "end": {
          "line": 61,
          "column": 3
        }
      },
      "22": {
        "start": {
          "line": 60,
          "column": 2
        },
        "end": {
          "line": 60,
          "column": 46
        }
      },
      "23": {
        "start": {
          "line": 62,
          "column": 0
        },
        "end": {
          "line": 62,
          "column": 14
        }
      },
      "24": {
        "start": {
          "line": 64,
          "column": 0
        },
        "end": {
          "line": 64,
          "column": 29
        }
      },
      "25": {
        "start": {
          "line": 65,
          "column": 0
        },
        "end": {
          "line": 81,
          "column": 1
        }
      },
      "26": {
        "start": {
          "line": 66,
          "column": 2
        },
        "end": {
          "line": 66,
          "column": 39
        }
      },
      "27": {
        "start": {
          "line": 67,
          "column": 2
        },
        "end": {
          "line": 67,
          "column": 39
        }
      },
      "28": {
        "start": {
          "line": 68,
          "column": 2
        },
        "end": {
          "line": 80,
          "column": 5
        }
      },
      "29": {
        "start": {
          "line": 72,
          "column": 4
        },
        "end": {
          "line": 72,
          "column": 186
        }
      },
      "30": {
        "start": {
          "line": 73,
          "column": 4
        },
        "end": {
          "line": 79,
          "column": 7
        }
      },
      "31": {
        "start": {
          "line": 74,
          "column": 6
        },
        "end": {
          "line": 75,
          "column": 15
        }
      },
      "32": {
        "start": {
          "line": 75,
          "column": 8
        },
        "end": {
          "line": 75,
          "column": 15
        }
      },
      "33": {
        "start": {
          "line": 76,
          "column": 32
        },
        "end": {
          "line": 76,
          "column": 115
        }
      },
      "34": {
        "start": {
          "line": 77,
          "column": 6
        },
        "end": {
          "line": 78,
          "column": 54
        }
      },
      "35": {
        "start": {
          "line": 78,
          "column": 8
        },
        "end": {
          "line": 78,
          "column": 54
        }
      }
    },
    "fnMap": {
      "0": {
        "name": "(anonymous_0)",
        "decl": {
          "start": {
            "line": 11,
            "column": 24
          },
          "end": {
            "line": 11,
            "column": 25
          }
        },
        "loc": {
          "start": {
            "line": 11,
            "column": 38
          },
          "end": {
            "line": 13,
            "column": 3
          }
        },
        "line": 11
      },
      "1": {
        "name": "CardList",
        "decl": {
          "start": {
            "line": 22,
            "column": 16
          },
          "end": {
            "line": 22,
            "column": 24
          }
        },
        "loc": {
          "start": {
            "line": 22,
            "column": 27
          },
          "end": {
            "line": 58,
            "column": 1
          }
        },
        "line": 22
      },
      "2": {
        "name": "(anonymous_2)",
        "decl": {
          "start": {
            "line": 24,
            "column": 33
          },
          "end": {
            "line": 24,
            "column": 34
          }
        },
        "loc": {
          "start": {
            "line": 24,
            "column": 44
          },
          "end": {
            "line": 24,
            "column": 67
          }
        },
        "line": 24
      },
      "3": {
        "name": "(anonymous_3)",
        "decl": {
          "start": {
            "line": 41,
            "column": 55
          },
          "end": {
            "line": 41,
            "column": 56
          }
        },
        "loc": {
          "start": {
            "line": 41,
            "column": 86
          },
          "end": {
            "line": 45,
            "column": 12
          }
        },
        "line": 41
      },
      "4": {
        "name": "(anonymous_4)",
        "decl": {
          "start": {
            "line": 59,
            "column": 52
          },
          "end": {
            "line": 59,
            "column": 53
          }
        },
        "loc": {
          "start": {
            "line": 59,
            "column": 63
          },
          "end": {
            "line": 61,
            "column": 1
          }
        },
        "line": 59
      },
      "5": {
        "name": "(anonymous_5)",
        "decl": {
          "start": {
            "line": 71,
            "column": 9
          },
          "end": {
            "line": 71,
            "column": 10
          }
        },
        "loc": {
          "start": {
            "line": 71,
            "column": 29
          },
          "end": {
            "line": 80,
            "column": 3
          }
        },
        "line": 71
      },
      "6": {
        "name": "(anonymous_6)",
        "decl": {
          "start": {
            "line": 73,
            "column": 27
          },
          "end": {
            "line": 73,
            "column": 28
          }
        },
        "loc": {
          "start": {
            "line": 73,
            "column": 44
          },
          "end": {
            "line": 79,
            "column": 5
          }
        },
        "line": 73
      }
    },
    "branchMap": {
      "0": {
        "loc": {
          "start": {
            "line": 5,
            "column": 0
          },
          "end": {
            "line": 15,
            "column": 1
          }
        },
        "type": "if",
        "locations": [
          {
            "start": {
              "line": 5,
              "column": 0
            },
            "end": {
              "line": 15,
              "column": 1
            }
          },
          {
            "start": {},
            "end": {}
          }
        ],
        "line": 5
      },
      "1": {
        "loc": {
          "start": {
            "line": 6,
            "column": 2
          },
          "end": {
            "line": 8,
            "column": 3
          }
        },
        "type": "if",
        "locations": [
          {
            "start": {
              "line": 6,
              "column": 2
            },
            "end": {
              "line": 8,
              "column": 3
            }
          },
          {
            "start": {},
            "end": {}
          }
        ],
        "line": 6
      },
      "2": {
        "loc": {
          "start": {
            "line": 34,
            "column": 2
          },
          "end": {
            "line": 52,
            "column": 3
          }
        },
        "type": "if",
        "locations": [
          {
            "start": {
              "line": 34,
              "column": 2
            },
            "end": {
              "line": 52,
              "column": 3
            }
          },
          {
            "start": {
              "line": 40,
              "column": 9
            },
            "end": {
              "line": 52,
              "column": 3
            }
          }
        ],
        "line": 34
      },
      "3": {
        "loc": {
          "start": {
            "line": 40,
            "column": 9
          },
          "end": {
            "line": 52,
            "column": 3
          }
        },
        "type": "if",
        "locations": [
          {
            "start": {
              "line": 40,
              "column": 9
            },
            "end": {
              "line": 52,
              "column": 3
            }
          },
          {
            "start": {
              "line": 46,
              "column": 9
            },
            "end": {
              "line": 52,
              "column": 3
            }
          }
        ],
        "line": 40
      },
      "4": {
        "loc": {
          "start": {
            "line": 46,
            "column": 9
          },
          "end": {
            "line": 52,
            "column": 3
          }
        },
        "type": "if",
        "locations": [
          {
            "start": {
              "line": 46,
              "column": 9
            },
            "end": {
              "line": 52,
              "column": 3
            }
          },
          {
            "start": {},
            "end": {}
          }
        ],
        "line": 46
      },
      "5": {
        "loc": {
          "start": {
            "line": 65,
            "column": 0
          },
          "end": {
            "line": 81,
            "column": 1
          }
        },
        "type": "if",
        "locations": [
          {
            "start": {
              "line": 65,
              "column": 0
            },
            "end": {
              "line": 81,
              "column": 1
            }
          },
          {
            "start": {},
            "end": {}
          }
        ],
        "line": 65
      },
      "6": {
        "loc": {
          "start": {
            "line": 74,
            "column": 6
          },
          "end": {
            "line": 75,
            "column": 15
          }
        },
        "type": "if",
        "locations": [
          {
            "start": {
              "line": 74,
              "column": 6
            },
            "end": {
              "line": 75,
              "column": 15
            }
          },
          {
            "start": {},
            "end": {}
          }
        ],
        "line": 74
      },
      "7": {
        "loc": {
          "start": {
            "line": 77,
            "column": 6
          },
          "end": {
            "line": 78,
            "column": 54
          }
        },
        "type": "if",
        "locations": [
          {
            "start": {
              "line": 77,
              "column": 6
            },
            "end": {
              "line": 78,
              "column": 54
            }
          },
          {
            "start": {},
            "end": {}
          }
        ],
        "line": 77
      }
    },
    "s": {
      "0": 2,
      "1": 2,
      "2": 0,
      "3": 2,
      "4": 2,
      "5": 2,
      "6": 2,
      "7": 2,
      "8": 2,
      "9": 0,
      "10": 0,
      "11": 0,
      "12": 0,
      "13": 0,
      "14": 0,
      "15": 0,
      "16": 0,
      "17": 0,
      "18": 0,
      "19": 0,
      "20": 0,
      "21": 2,
      "22": 0,
      "23": 2,
      "24": 2,
      "25": 2,
      "26": 2,
      "27": 2,
      "28": 2,
      "29": 2,
      "30": 2,
      "31": 0,
      "32": 0,
      "33": 0,
      "34": 0,
      "35": 0
    },
    "f": {
      "0": 2,
      "1": 0,
      "2": 0,
      "3": 0,
      "4": 0,
      "5": 2,
      "6": 0
    },
    "b": {
      "0": [
        2,
        0
      ],
      "1": [
        0,
        2
      ],
      "2": [
        0,
        0
      ],
      "3": [
        0,
        0
      ],
      "4": [
        0,
        0
      ],
      "5": [
        2,
        0
      ],
      "6": [
        0,
        0
      ],
      "7": [
        0,
        0
      ]
    },
    "inputSourceMap": {
      "version": 3,
[...]
              "column": 15
            }
          },
          {
            "start": {},
            "end": {}
          }
        ],
        "line": 74
      },
      "4": {
        "loc": {
          "start": {
            "line": 77,
            "column": 6
          },
          "end": {
            "line": 78,
            "column": 54
          }
        },
        "type": "if",
        "locations": [
          {
            "start": {
              "line": 77,
              "column": 6
            },
            "end": {
              "line": 78,
              "column": 54
            }
          },
          {
            "start": {},
            "end": {}
          }
        ],
        "line": 77
      }
    },
    "s": {
      "0": 2,
      "1": 2,
      "2": 0,
      "3": 2,
      "4": 2,
      "5": 2,
      "6": 2,
      "7": 2,
      "8": 2,
      "9": 2,
      "10": 16,
      "11": 16,
      "12": 26,
      "13": 16,
      "14": 26,
      "15": 16,
      "16": 6,
      "17": 2,
      "18": 2,
      "19": 2,
      "20": 2,
      "21": 2,
      "22": 2,
      "23": 2,
      "24": 2,
      "25": 2,
      "26": 2,
      "27": 0,
      "28": 0,
      "29": 0,
      "30": 0,
      "31": 0
    },
    "f": {
      "0": 2,
      "1": 16,
      "2": 26,
      "3": 26,
      "4": 6,
      "5": 2,
      "6": 2,
      "7": 0
    },
    "b": {
      "0": [
        2,
        0
      ],
      "1": [
        0,
        2
      ],
      "2": [
        2,
        0
      ],
      "3": [
        0,
        0
      ],
      "4": [
        0,
        0
      ]
    },
    "inputSourceMap": {
      "version": 3,
      "mappings": "AAeM;;;;;;;;;;;;;;;;AAfN,SAASA,YAAY;AAErB,SAASC,gBAAgB;AACzB,OAAO;AACP,SAASC,aAAa;AACtB,SAASC,mBAAmB;AAIrB,aAAMC,WAAWA,MAAM;AAAAC;AAC5B,QAAMC,YAAYH,YAAY,CAACI,UAAqBA,MAAMC,KAAKC,KAAK;AACpE,QAAMC,YAAYP,YAAY,CAACI,UAAqBA,MAAMI,MAAMD,SAAS;AAEzE,SACE,uBAAC,SACC;AAAA,2BAAC,QAAG,yBAAJ;AAAA;AAAA;AAAA;AAAA,WAAa;AAAA,IACb,uBAAC,UAAD;AAAA;AAAA;AAAA;AAAA,WAAK;AAAA,IACL,uBAAC,SAAI,WAAU,kBACZJ,oBAAUM,IAAI,CAACC,MAAMC,MAAM;AAC1B,aAAO,uBAAC,YAAiB,UAAUD,QAAbC,GAAf;AAAA;AAAA;AAAA;AAAA,aAAiC;AAAA,IAC1C,CAAC,KAHH;AAAA;AAAA;AAAA;AAAA,WAIA;AAAA,IACA,uBAAC,SAAM,MAAMJ,WAAW,UAAS,cAAjC;AAAA;AAAA;AAAA;AAAA,WAA2C;AAAA,OAR7C;AAAA;AAAA;AAAA;AAAA,SASA;AAEJ;AAAEL,GAhBWD,UAAQ;AAAA,UACDD,aACAA,WAAW;AAAA;AAAAY,KAFlBX;AAAQ;AAAAY",
      "names": [
        "Form",
        "FormCard",
        "Toast",
        "useSelector",
        "FormPage",
        "_s",
        "userCards",
        "state",
        "form",
        "users",
        "toastList",
        "toast",
        "map",
        "data",
        "i",
        "_c",
        "$RefreshReg$"
      ],
      "sources": [
        "C:/Users/drukavichnikau/Documents/RSSchool/react-rss/react-components/src/pages/Form/FormPage.tsx"
      ],
      "file": "C:/Users/drukavichnikau/Documents/RSSchool/react-rss/react-components/src/pages/Form/FormPage.tsx"
    },
    "_coverageSchema": "1a1c01bbd47fc00a2c39e90264f33305004495a9",
    "hash": "2c8980fade220931b0fd91d6a36644c51c4a82eb"
  },
  "C:/Users/drukavichnikau/Documents/RSSchool/react-rss/react-components/src/store.ts": {
    "path": "C:/Users/drukavichnikau/Documents/RSSchool/react-rss/react-components/src/store.ts",
    "statementMap": {
      "0": {
        "start": {
          "line": 7,
          "column": 20
        },
        "end": {
          "line": 13,
          "column": 2
        }
      },
      "1": {
        "start": {
          "line": 14,
          "column": 21
        },
        "end": {
          "line": 25,
          "column": 2
        }
      },
      "2": {
        "start": {
          "line": 22,
          "column": 40
        },
        "end": {
          "line": 24,
          "column": 32
        }
      },
      "3": {
        "start": {
          "line": 27,
          "column": 2
        },
        "end": {
          "line": 33,
          "column": 5
        }
      },
      "4": {
        "start": {
          "line": 29,
          "column": 42
        },
        "end": {
          "line": 31,
          "column": 34
        }
      }
    },
    "fnMap": {
      "0": {
        "name": "(anonymous_0)",
        "decl": {
          "start": {
            "line": 22,
            "column": 14
          },
          "end": {
            "line": 22,
            "column": 15
          }
        },
        "loc": {
          "start": {
            "line": 22,
            "column": 40
          },
          "end": {
            "line": 24,
            "column": 32
          }
        },
        "line": 22
      },
      "1": {
        "name": "setupStore",
        "decl": {
          "start": {
            "line": 26,
            "column": 16
          },
          "end": {
            "line": 26,
            "column": 26
          }
        },
        "loc": {
          "start": {
            "line": 26,
            "column": 43
          },
          "end": {
            "line": 34,
            "column": 1
          }
        },
        "line": 26
      },
      "2": {
        "name": "(anonymous_2)",
        "decl": {
          "start": {
            "line": 29,
            "column": 16
          },
          "end": {
            "line": 29,
            "column": 17
          }
        },
        "loc": {
          "start": {
            "line": 29,
            "column": 42
          },
          "end": {
            "line": 31,
            "column": 34
          }
        },
        "line": 29
      }
    },
    "branchMap": {},
    "s": {
      "0": 2,
      "1": 2,
      "2": 2,
      "3": 0,
      "4": 0
    },
    "f": {
      "0": 2,
      "1": 0,
      "2": 0
    },
    "b": {},
    "inputSourceMap": {
      "version": 3,
      "sources": [
        "C:/Users/drukavichnikau/Documents/RSSchool/react-rss/react-components/src/store.ts"
      ],
      "mappings": "AAAA,SAAS,iBAAiB,sBAAsC;AAChE,OAAO,mBAAmB;AAC1B,OAAO,uBAAuB;AAC9B,OAAO,iBAAiB;AACxB,OAAO,kBAAkB;AACzB,SAAS,gBAAgB;AAEzB,MAAM,cAAc,gBAAgB;AAAA,EAClC,QAAQ;AAAA,EACR,YAAY;AAAA,EACZ,MAAM;AAAA,EACN,OAAO;AAAA,EACP,CAAC,SAAS,WAAW,GAAG,SAAS;AACnC,CAAC;AAEM,aAAM,QAAQ,eAAe;AAAA,EAClC,SAAS;AAAA,IACP,QAAQ;AAAA,IACR,YAAY;AAAA,IACZ,MAAM;AAAA,IACN,OAAO;AAAA,IACP,CAAC,SAAS,WAAW,GAAG,SAAS;AAAA,EACnC;AAAA,EACA,YAAY,CAAC,yBACX,qBAAqB;AAAA,IACnB,mBAAmB;AAAA,EACrB,CAAC,EAAE,OAAO,SAAS,UAAU;AACjC,CAAC;AAEM,gBAAS,WAAW,gBAA4C;AACrE,SAAO,eAAe;AAAA,IACpB,SAAS;AAAA,IACT,YAAY,CAAC,yBACX,qBAAqB;AAAA,MACnB,mBAAmB;AAAA,IACrB,CAAC,EAAE,OAAO,SAAS,UAAU;AAAA,IAC/B;AAAA,EACF,CAAC;AACH;",
      "names": []
    },
    "_coverageSchema": "1a1c01bbd47fc00a2c39e90264f33305004495a9",
    "hash": "0fbb75d5afea86f624d16faaf2803f5b822a163e"
  },
  "C:/Users/drukavichnikau/Documents/RSSchool/react-rss/react-components/src/App.tsx": {
    "path": "C:/Users/drukavichnikau/Documents/RSSchool/react-rss/react-components/src/App.tsx",
    "statementMap": {
      "0": {
        "start": {
          "line": 5,
          "column": 0
        },
        "end": {
          "line": 15,
          "column": 1
        }
      },
      "1": {
        "start": {
          "line": 6,
          "column": 2
        },
        "end": {
          "line": 8,
          "column": 3
        }
      },
      "2": {
        "start": {
          "line": 7,
          "column": 4
        },
        "end": {
          "line": 7,
          "column": 165
        }
      },
      "3": {
        "start": {
          "line": 9,
          "column": 2
        },
        "end": {
          "line": 9,
          "column": 39
        }
      },
      "4": {
        "start": {
          "line": 10,
          "column": 2
        },
        "end": {
          "line": 10,
          "column": 39
        }
      },
      "5": {
        "start": {
          "line": 11,
          "column": 2
        },
        "end": {
          "line": 13,
          "column": 4
        }
      },
      "6": {
        "start": {
          "line": 12,
          "column": 4
        },
        "end": {
          "line": 12,
          "column": 125
        }
      },
      "7": {
        "start": {
          "line": 14,
          "column": 2
        },
        "end": {
          "line": 14,
          "column": 75
        }
      },
      "8": {
        "start": {
          "line": 26,
          "column": 2
        },
        "end": {
          "line": 78,
          "column": 11
        }
      },
      "9": {
        "start": {
          "line": 80,
          "column": 0
        },
        "end": {
          "line": 80,
          "column": 9
        }
      },
      "10": {
        "start": {
          "line": 82,
          "column": 2
        },
        "end": {
          "line": 94,
          "column": 11
        }
      },
      "11": {
        "start": {
          "line": 96,
          "column": 0
        },
        "end": {
          "line": 96,
          "column": 17
        }
      },
      "12": {
        "start": {
          "line": 98,
          "column": 0
        },
        "end": {
          "line": 98,
          "column": 24
        }
      },
      "13": {
        "start": {
          "line": 99,
          "column": 0
        },
        "end": {
          "line": 99,
          "column": 32
        }
      },
      "14": {
        "start": {
          "line": 100,
          "column": 0
        },
        "end": {
          "line": 116,
          "column": 1
        }
      },
      "15": {
        "start": {
          "line": 101,
          "column": 2
        },
        "end": {
          "line": 101,
          "column": 39
        }
      },
      "16": {
        "start": {
          "line": 102,
          "column": 2
        },
        "end": {
          "line": 102,
          "column": 39
        }
      },
      "17": {
        "start": {
          "line": 103,
          "column": 2
        },
        "end": {
          "line": 115,
          "column": 5
        }
      },
      "18": {
        "start": {
          "line": 107,
          "column": 4
        },
        "end": {
          "line": 107,
          "column": 151
        }
      },
      "19": {
        "start": {
          "line": 108,
          "column": 4
        },
        "end": {
          "line": 114,
          "column": 7
        }
      },
      "20": {
        "start": {
          "line": 109,
          "column": 6
        },
        "end": {
          "line": 110,
          "column": 15
        }
      },
      "21": {
        "start": {
          "line": 110,
          "column": 8
        },
        "end": {
          "line": 110,
          "column": 15
        }
      },
      "22": {
        "start": {
          "line": 111,
          "column": 32
        },
        "end": {
          "line": 111,
          "column": 115
        }
      },
      "23": {
        "start": {
          "line": 112,
          "column": 6
        },
        "end": {
          "line": 113,
          "column": 54
        }
      },
      "24": {
        "start": {
          "line": 113,
          "column": 8
        },
        "end": {
          "line": 113,
          "column": 54
        }
      }
    },
    "fnMap": {
      "0": {
        "name": "(anonymous_0)",
        "decl": {
          "start": {
            "line": 11,
            "column": 24
          },
          "end": {
            "line": 11,
            "column": 25
          }
        },
        "loc": {
          "start": {
            "line": 11,
            "column": 38
          },
          "end": {
            "line": 13,
            "column": 3
          }
        },
        "line": 11
      },
      "1": {
        "name": "App",
        "decl": {
          "start": {
            "line": 25,
            "column": 16
          },
          "end": {
            "line": 25,
            "column": 19
          }
        },
        "loc": {
          "start": {
            "line": 25,
            "column": 22
          },
          "end": {
            "line": 79,
            "column": 1
          }
        },
        "line": 25
      },
      "2": {
        "name": "WrappedApp",
        "decl": {
          "start": {
            "line": 81,
            "column": 16
          },
          "end": {
            "line": 81,
            "column": 26
          }
        },
        "loc": {
          "start": {
            "line": 81,
            "column": 29
          },
          "end": {
            "line": 95,
            "column": 1
          }
        },
        "line": 81
      },
      "3": {
        "name": "(anonymous_3)",
        "decl": {
          "start": {
            "line": 106,
            "column": 9
          },
          "end": {
            "line": 106,
            "column": 10
          }
        },
        "loc": {
          "start": {
            "line": 106,
            "column": 29
          },
          "end": {
            "line": 115,
            "column": 3
          }
        },
        "line": 106
      },
      "4": {
        "name": "(anonymous_4)",
        "decl": {
          "start": {
            "line": 108,
            "column": 27
          },
          "end": {
            "line": 108,
            "column": 28
          }
        },
        "loc": {
          "start": {
            "line": 108,
            "column": 44
          },
          "end": {
            "line": 114,
            "column": 5
          }
        },
        "line": 108
      }
    },
    "branchMap": {
      "0": {
        "loc": {
          "start": {
            "line": 5,
            "column": 0
          },
          "end": {
            "line": 15,
            "column": 1
          }
        },
        "type": "if",
        "locations": [
          {
            "start": {
              "line": 5,
              "column": 0
            },
            "end": {
              "line": 15,
              "column": 1
            }
          },
          {
            "start": {},
            "end": {}
          }
        ],
        "line": 5
      },
      "1": {
        "loc": {
          "start": {
            "line": 6,
            "column": 2
          },
          "end": {
            "line": 8,
            "column": 3
          }
        },
        "type": "if",
        "locations": [
          {
            "start": {
              "line": 6,
              "column": 2
            },
            "end": {
              "line": 8,
              "column": 3
            }
          },
          {
            "start": {},
            "end": {}
          }
        ],
        "line": 6
      },
      "2": {
        "loc": {
          "start": {
            "line": 100,
            "column": 0
          },
          "end": {
            "line": 116,
            "column": 1
          }
        },
        "type": "if",
        "locations": [
          {
            "start": {
              "line": 100,
              "column": 0
            },
            "end": {
              "line": 116,
              "column": 1
            }
          },
          {
            "start": {},
            "end": {}
          }
        ],
        "line": 100
      },
      "3": {
        "loc": {
          "start": {
            "line": 109,
            "column": 6
          },
          "end": {
            "line": 110,
            "column": 15
          }
        },
        "type": "if",
        "locations": [
          {
            "start": {
              "line": 109,
              "column": 6
            },
            "end": {
              "line": 110,
              "column": 15
            }
          },
          {
            "start": {},
            "end": {}
          }
        ],
        "line": 109
      },
      "4": {
        "loc": {
          "start": {
            "line": 112,
            "column": 6
          },
          "end": {
            "line": 113,
            "column": 54
          }
        },
        "type": "if",
        "locations": [
          {
            "start": {
              "line": 112,
              "column": 6
            },
            "end": {
              "line": 113,
              "column": 54
            }
          },
          {
            "start": {},
            "end": {}
          }
        ],
        "line": 112
      }
    },
    "s": {
      "0": 2,
      "1": 2,
      "2": 0,
      "3": 2,
      "4": 2,
      "5": 2,
      "6": 4,
      "7": 2,
      "8": 4,
      "9": 2,
      "10": 4,
      "11": 2,
      "12": 2,
      "13": 2,
      "14": 2,
      "15": 2,
      "16": 2,
      "17": 2,
      "18": 2,
      "19": 2,
      "20": 0,
      "21": 0,
      "22": 0,
      "23": 0,
      "24": 0
    },
    "f": {
      "0": 4,
      "1": 4,
      "2": 4,
      "3": 2,
      "4": 0
    },
    "b": {
      "0": [
        2,
        0
      ],
      "1": [
        0,
        2
      ],
      "2": [
        2,
        0
      ],
      "3": [
        0,
        0
      ],
      "4": [
        0,
        0
      ]
    },
    "inputSourceMap": {
      "version": 3,
      "mappings": "AAcM;AAdN,OAAO,oBAAW;AAAA;AAAA;AAAA;AAAA;AAAA;AAAA;AAAA;AAAA;AAAA;AAAA;AAAA;AAAA;AAAA;AAAA;AAClB,SAASA,cAAc;AAEvB,SAASC,eAAeC,OAAOC,cAAc;AAC7C,SAASC,YAAY;AACrB,OAAOC,cAAc;AACrB,SAASC,aAAa;AACtB,SAASC,gBAAgB;AACzB,SAASC,aAAa;AACtB,SAASC,gBAAgB;AAElB,gBAASC,MAAM;AACpB,SACE,uBAAC,SACC;AAAA,2BAAC,YAAD;AAAA;AAAA;AAAA;AAAA,WAAO;AAAA,IACP,uBAAC,UACC;AAAA,6BAAC,SAAM,MAAK,KAAI,SAAS,uBAAC,UAAD;AAAA;AAAA;AAAA;AAAA,aAAK,KAA9B;AAAA;AAAA;AAAA;AAAA,aAAkC;AAAA,MAClC,uBAAC,SAAM,MAAK,SAAQ,SAAS,uBAAC,WAAD;AAAA;AAAA;AAAA;AAAA,aAAM,KAAnC;AAAA;AAAA;AAAA;AAAA,aAAuC;AAAA,MACvC,uBAAC,SAAM,MAAK,QAAO,SAAS,uBAAC,cAAD;AAAA;AAAA;AAAA;AAAA,aAAS,KAArC;AAAA;AAAA;AAAA;AAAA,aAAyC;AAAA,MACzC,uBAAC,SAAM,MAAK,KAAI,SAAS,uBAAC,cAAD;AAAA;AAAA;AAAA;AAAA,aAAS,KAAlC;AAAA;AAAA;AAAA;AAAA,aAAsC;AAAA,SAJxC;AAAA;AAAA;AAAA;AAAA,WAKA;AAAA,OAPF;AAAA;AAAA;AAAA;AAAA,SAQA;AAEJ;AAACC,KAZeD;AAcT,gBAASE,aAAa;AAC3B,SACE,uBAAC,YAAS,OACR,iCAAC,iBACC,iCAAC,SAAD;AAAA;AAAA;AAAA;AAAA,SAAI,KADN;AAAA;AAAA;AAAA;AAAA,SAEA,KAHF;AAAA;AAAA;AAAA;AAAA,SAIA;AAEJ;AAACC,MAReD;AAAU;AAAAE;AAAAA",
      "names": [
        "Header",
        "BrowserRouter",
        "Route",
        "Routes",
        "Home",
        "NotFound",
        "About",
        "FormPage",
        "store",
        "Provider",
        "App",
        "_c",
        "WrappedApp",
        "_c2",
        "$RefreshReg$"
      ],
      "sources": [
        "C:/Users/drukavichnikau/Documents/RSSchool/react-rss/react-components/src/App.tsx"
      ],
      "file": "C:/Users/drukavichnikau/Documents/RSSchool/react-rss/react-components/src/App.tsx"
    },
    "_coverageSchema": "1a1c01bbd47fc00a2c39e90264f33305004495a9",
    "hash": "50d375c246ccfacbe51198beb6bfc98efc817129"
  },
  "C:/Users/drukavichnikau/Documents/RSSchool/react-rss/react-components/src/entry.client.tsx": {
    "path": "C:/Users/drukavichnikau/Documents/RSSchool/react-rss/react-components/src/entry.client.tsx",
    "statementMap": {
      "0": {
        "start": {
          "line": 6,
          "column": 0
        },
        "end": {
          "line": 14,
          "column": 10
        }
      }
    },
    "fnMap": {},
    "branchMap": {},
    "s": {
      "0": 2
    },
    "f": {},
    "b": {},
    "inputSourceMap": {
      "version": 3,
      "mappings": "AAcI;AAdJ,OAAOA,WAAW;AAClB,OAAOC,cAAc;AACrB,SAASC,kBAAkB;AAC3B,OAAO;AAQPD,SAASE,YACPC,SAASC,eAAe,MAAM,GAC9B,uBAAC,MAAM,YAAN,EACC,iCAAC,gBAAD;AAAA;AAAA;AAAA;AAAA,OAAW,KADb;AAAA;AAAA;AAAA;AAAA,OAEA,CAAmB",
      "names": [
        "React",
        "ReactDOM",
        "WrappedApp",
        "hydrateRoot",
        "document",
        "getElementById"
      ],
      "sources": [
        "C:/Users/drukavichnikau/Documents/RSSchool/react-rss/react-components/src/entry.client.tsx"
      ],
      "file": "C:/Users/drukavichnikau/Documents/RSSchool/react-rss/react-components/src/entry.client.tsx"
    },
    "_coverageSchema": "1a1c01bbd47fc00a2c39e90264f33305004495a9",
    "hash": "77dc44240c833161229d9c56270e300e54d21643"
  }
}