{"total": {"lines":{"total":154,"covered":150,"skipped":0,"pct":97.4},"statements":{"total":191,"covered":187,"skipped":0,"pct":97.9},"functions":{"total":67,"covered":65,"skipped":0,"pct":97.01},"branches":{"total":36,"covered":34,"skipped":0,"pct":94.44},"branchesTrue":{"total":0,"covered":0,"skipped":0,"pct":100}}
,"C:/Users/drukavichnikau/Documents/RSSchool/react-rss/react-components/src/App.tsx": {"lines":{"total":6,"covered":6,"skipped":0,"pct":100},"functions":{"total":3,"covered":3,"skipped":0,"pct":100},"statements":{"total":6,"covered":6,"skipped":0,"pct":100},"branches":{"total":1,"covered":1,"skipped":0,"pct":100}}
,"C:/Users/drukavichnikau/Documents/RSSchool/react-rss/react-components/src/entry.client.tsx": {"lines":{"total":1,"covered":1,"skipped":0,"pct":100},"functions":{"total":0,"covered":0,"skipped":0,"pct":100},"statements":{"total":1,"covered":1,"skipped":0,"pct":100},"branches":{"total":0,"covered":0,"skipped":0,"pct":100}}
,"C:/Users/drukavichnikau/Documents/RSSchool/react-rss/react-components/src/store.ts": {"lines":{"total":5,"covered":3,"skipped":0,"pct":60},"functions":{"total":3,"covered":1,"skipped":0,"pct":33.33},"statements":{"total":5,"covered":3,"skipped":0,"pct":60},"branches":{"total":0,"covered":0,"skipped":0,"pct":100}}
,"C:/Users/drukavichnikau/Documents/RSSchool/react-rss/react-components/src/components/Card/Card.component.tsx": {"lines":{"total":7,"covered":7,"skipped":0,"pct":100},"functions":{"total":3,"covered":3,"skipped":0,"pct":100},"statements":{"total":10,"covered":10,"skipped":0,"pct":100},"branches":{"total":0,"covered":0,"skipped":0,"pct":100}}
,"C:/Users/drukavichnikau/Documents/RSSchool/react-rss/react-components/src/components/CardList/CardList.component.tsx": {"lines":{"total":12,"covered":12,"skipped":0,"pct":100},"functions":{"total":4,"covered":4,"skipped":0,"pct":100},"statements":{"total":16,"covered":16,"skipped":0,"pct":100},"branches":{"total":5,"covered":5,"skipped":0,"pct":100}}
,"C:/Users/drukavichnikau/Documents/RSSchool/react-rss/react-components/src/components/Form/Form.component.tsx": {"lines":{"total":22,"covered":22,"skipped":0,"pct":100},"functions":{"total":7,"covered":7,"skipped":0,"pct":100},"statements":{"total":25,"covered":25,"skipped":0,"pct":100},"branches":{"total":10,"covered":10,"skipped":0,"pct":100}}
,"C:/Users/drukavichnikau/Documents/RSSchool/react-rss/react-components/src/components/FormCardComponent/FormCard.component.tsx": {"lines":{"total":4,"covered":4,"skipped":0,"pct":100},"functions":{"total":2,"covered":2,"skipped":0,"pct":100},"statements":{"total":4,"covered":4,"skipped":0,"pct":100},"branches":{"total":1,"covered":1,"skipped":0,"pct":100}}
,"C:/Users/drukavichnikau/Documents/RSSchool/react-rss/react-components/src/components/Header/Header.component.tsx": {"lines":{"total":7,"covered":7,"skipped":0,"pct":100},"functions":{"total":3,"covered":3,"skipped":0,"pct":100},"statements":{"total":10,"covered":10,"skipped":0,"pct":100},"branches":{"total":4,"covered":4,"skipped":0,"pct":100}}
,"C:/Users/drukavichnikau/Documents/RSSchool/react-rss/react-components/src/components/Modal/Modal.component.tsx": {"lines":{"total":14,"covered":12,"skipped":0,"pct":85.71},"functions":{"total":5,"covered":5,"skipped":0,"pct":100},"statements":{"total":19,"covered":17,"skipped":0,"pct":89.47},"branches":{"total":5,"covered":3,"skipped":0,"pct":60}}
,"C:/Users/drukavichnikau/Documents/RSSchool/react-rss/react-components/src/components/Searchbar/Searchbar.component.tsx": {"lines":{"total":10,"covered":10,"skipped":0,"pct":100},"functions":{"total":5,"covered":5,"skipped":0,"pct":100},"statements":{"total":14,"covered":14,"skipped":0,"pct":100},"branches":{"total":0,"covered":0,"skipped":0,"pct":100}}
,"C:/Users/drukavichnikau/Documents/RSSchool/react-rss/react-components/src/components/Spinner/Spinner.component.tsx": {"lines":{"total":4,"covered":4,"skipped":0,"pct":100},"functions":{"total":2,"covered":2,"skipped":0,"pct":100},"statements":{"total":4,"covered":4,"skipped":0,"pct":100},"branches":{"total":1,"covered":1,"skipped":0,"pct":100}}
,"C:/Users/drukavichnikau/Documents/RSSchool/react-rss/react-components/src/components/Toast/Toast.component.tsx": {"lines":{"total":10,"covered":10,"skipped":0,"pct":100},"functions":{"total":6,"covered":6,"skipped":0,"pct":100},"statements":{"total":14,"covered":14,"skipped":0,"pct":100},"branches":{"total":4,"covered":4,"skipped":0,"pct":100}}
,"C:/Users/drukavichnikau/Documents/RSSchool/react-rss/react-components/src/features/api/apiSlice.ts": {"lines":{"total":7,"covered":7,"skipped":0,"pct":100},"functions":{"total":3,"covered":3,"skipped":0,"pct":100},"statements":{"total":7,"covered":7,"skipped":0,"pct":100},"branches":{"total":0,"covered":0,"skipped":0,"pct":100}}
,"C:/Users/drukavichnikau/Documents/RSSchool/react-rss/react-components/src/features/characters/charactersSlice.ts": {"lines":{"total":5,"covered":5,"skipped":0,"pct":100},"functions":{"total":2,"covered":2,"skipped":0,"pct":100},"statements":{"total":5,"covered":5,"skipped":0,"pct":100},"branches":{"total":0,"covered":0,"skipped":0,"pct":100}}
,"C:/Users/drukavichnikau/Documents/RSSchool/react-rss/react-components/src/features/form/formSlice.ts": {"lines":{"total":5,"covered":5,"skipped":0,"pct":100},"functions":{"total":1,"covered":1,"skipped":0,"pct":100},"statements":{"total":5,"covered":5,"skipped":0,"pct":100},"branches":{"total":1,"covered":1,"skipped":0,"pct":100}}
,"C:/Users/drukavichnikau/Documents/RSSchool/react-rss/react-components/src/features/search/searchSlice.ts": {"lines":{"total":5,"covered":5,"skipped":0,"pct":100},"functions":{"total":2,"covered":2,"skipped":0,"pct":100},"statements":{"total":5,"covered":5,"skipped":0,"pct":100},"branches":{"total":0,"covered":0,"skipped":0,"pct":100}}
,"C:/Users/drukavichnikau/Documents/RSSchool/react-rss/react-components/src/features/toast/toastSlice.ts": {"lines":{"total":10,"covered":10,"skipped":0,"pct":100},"functions":{"total":4,"covered":4,"skipped":0,"pct":100},"statements":{"total":11,"covered":11,"skipped":0,"pct":100},"branches":{"total":0,"covered":0,"skipped":0,"pct":100}}
,"C:/Users/drukavichnikau/Documents/RSSchool/react-rss/react-components/src/mock/genders.ts": {"lines":{"total":1,"covered":1,"skipped":0,"pct":100},"functions":{"total":0,"covered":0,"skipped":0,"pct":100},"statements":{"total":1,"covered":1,"skipped":0,"pct":100},"branches":{"total":0,"covered":0,"skipped":0,"pct":100}}
,"C:/Users/drukavichnikau/Documents/RSSchool/react-rss/react-components/src/mock/paths.ts": {"lines":{"total":1,"covered":1,"skipped":0,"pct":100},"functions":{"total":0,"covered":0,"skipped":0,"pct":100},"statements":{"total":1,"covered":1,"skipped":0,"pct":100},"branches":{"total":0,"covered":0,"skipped":0,"pct":100}}
,"C:/Users/drukavichnikau/Documents/RSSchool/react-rss/react-components/src/pages/About.tsx": {"lines":{"total":4,"covered":4,"skipped":0,"pct":100},"functions":{"total":2,"covered":2,"skipped":0,"pct":100},"statements":{"total":4,"covered":4,"skipped":0,"pct":100},"branches":{"total":1,"covered":1,"skipped":0,"pct":100}}
,"C:/Users/drukavichnikau/Documents/RSSchool/react-rss/react-components/src/pages/NotFound.tsx": {"lines":{"total":4,"covered":4,"skipped":0,"pct":100},"functions":{"total":2,"covered":2,"skipped":0,"pct":100},"statements":{"total":4,"covered":4,"skipped":0,"pct":100},"branches":{"total":1,"covered":1,"skipped":0,"pct":100}}
,"C:/Users/drukavichnikau/Documents/RSSchool/react-rss/react-components/src/pages/Form/FormPage.tsx": {"lines":{"total":6,"covered":6,"skipped":0,"pct":100},"functions":{"total":5,"covered":5,"skipped":0,"pct":100},"statements":{"total":12,"covered":12,"skipped":0,"pct":100},"branches":{"total":0,"covered":0,"skipped":0,"pct":100}}
,"C:/Users/drukavichnikau/Documents/RSSchool/react-rss/react-components/src/pages/Home/Home.tsx": {"lines":{"total":4,"covered":4,"skipped":0,"pct":100},"functions":{"total":3,"covered":3,"skipped":0,"pct":100},"statements":{"total":8,"covered":8,"skipped":0,"pct":100},"branches":{"total":2,"covered":2,"skipped":0,"pct":100}}
}
