TN:
SF:src\App.tsx
FN:1,(anonymous_0)
FN:12,App
FN:26,WrappedApp
FNF:3
FNH:3
FNDA:4,(anonymous_0)
FNDA:4,App
FNDA:4,WrappedApp
DA:1,16
DA:13,4
DA:24,2
DA:26,4
DA:27,4
DA:34,2
LF:6
LH:6
BRDA:1,0,0,2
BRF:1
BRH:1
end_of_record
TN:
SF:src\entry.client.tsx
FNF:0
FNH:0
DA:12,2
LF:1
LH:1
BRF:0
BRH:0
end_of_record
TN:
SF:src\store.ts
FN:24,(anonymous_0)
FN:30,setupStore
FN:33,(anonymous_2)
FNF:3
FNH:1
FNDA:2,(anonymous_0)
FNDA:0,setupStore
FNDA:0,(anonymous_2)
DA:8,2
DA:16,2
DA:25,2
DA:31,0
DA:34,0
LF:5
LH:3
BRF:0
BRH:0
end_of_record
TN:
SF:src\components\Card\Card.component.tsx
FN:12,Card
FN:15,(anonymous_2)
FN:12,(anonymous_3)
FNF:3
FNH:0
FNDA:0,Card
FNDA:0,(anonymous_2)
FNDA:0,(anonymous_3)
DA:12,2
DA:13,2
DA:15,0
DA:16,0
DA:17,0
DA:19,0
DA:25,2
LF:7
LH:3
BRF:0
BRH:0
end_of_record
TN:
SF:src\components\CardList\CardList.component.tsx
FN:10,CardList
FN:11,(anonymous_2)
FN:24,(anonymous_3)
FN:10,(anonymous_4)
FNF:4
FNH:0
FNDA:0,CardList
FNDA:0,(anonymous_2)
FNDA:0,(anonymous_3)
FNDA:0,(anonymous_4)
DA:10,2
DA:11,0
DA:17,2
DA:21,0
DA:22,0
DA:23,0
DA:24,0
DA:25,0
DA:27,0
DA:28,0
DA:34,0
DA:39,2
LF:12
LH:3
BRDA:21,0,0,0
BRDA:21,0,1,0
BRDA:23,1,0,0
BRDA:23,1,1,0
BRDA:27,2,0,0
BRF:5
BRH:0
end_of_record
TN:
SF:src\components\Form\Form.component.tsx
FN:11,Form
FN:21,(anonymous_2)
FN:27,(anonymous_3)
FN:34,(anonymous_4)
FN:40,(anonymous_5)
FN:46,(anonymous_6)
FN:11,(anonymous_7)
FNF:7
FNH:7
FNDA:26,Form
FNDA:1,(anonymous_2)
FNDA:9,(anonymous_3)
FNDA:6,(anonymous_4)
FNDA:1,(anonymous_5)
FNDA:2730,(anonymous_6)
FNDA:2,(anonymous_7)
DA:11,26
DA:12,26
DA:19,26
DA:21,26
DA:22,1
DA:23,1
DA:24,1
DA:27,26
DA:28,9
DA:29,1
DA:30,1
DA:34,26
DA:35,6
DA:36,1
DA:40,26
DA:41,1
DA:42,1
DA:43,1
DA:46,26
DA:47,2730
DA:53,26
DA:124,2
LF:22
LH:22
BRDA:28,0,0,1
BRDA:28,1,0,9
BRDA:28,1,1,2
BRDA:35,2,0,1
BRDA:72,3,0,26
BRDA:72,3,1,8
BRDA:109,4,0,26
BRDA:109,4,1,8
BRDA:119,5,0,26
BRDA:119,5,1,8
BRF:10
BRH:10
end_of_record
TN:
SF:src\components\FormCardComponent\FormCard.component.tsx
FN:1,(anonymous_0)
FN:10,FormCard
FNF:2
FNH:2
FNDA:2,(anonymous_0)
FNDA:6,FormCard
DA:1,14
DA:10,2
DA:11,6
DA:21,2
LF:4
LH:4
BRDA:1,0,0,2
BRF:1
BRH:1
end_of_record
TN:
SF:src\components\Header\Header.component.tsx
FN:8,Header
FN:11,getPageName
FN:8,(anonymous_3)
FNF:3
FNH:3
FNDA:4,Header
FNDA:4,getPageName
FNDA:2,(anonymous_3)
DA:8,4
DA:9,4
DA:12,4
DA:13,4
DA:15,0
DA:19,4
DA:40,2
LF:7
LH:6
BRDA:12,0,0,4
BRDA:12,0,1,0
BRDA:21,1,0,0
BRDA:21,1,1,4
BRF:4
BRH:2
end_of_record
TN:
SF:src\components\Modal\Modal.component.tsx
FN:10,(anonymous_1)
FN:11,(anonymous_2)
FN:31,(anonymous_3)
FN:66,(anonymous_4)
FN:10,(anonymous_5)
FNF:5
FNH:0
FNDA:0,(anonymous_1)
FNDA:0,(anonymous_2)
FNDA:0,(anonymous_3)
FNDA:0,(anonymous_4)
FNDA:0,(anonymous_5)
DA:10,2
DA:11,0
DA:12,0
DA:18,2
DA:22,0
DA:23,0
DA:24,0
DA:25,0
DA:31,0
DA:56,0
DA:57,0
DA:64,0
DA:66,0
DA:74,2
LF:14
LH:3
BRDA:22,0,0,0
BRDA:22,0,1,0
BRDA:24,1,0,0
BRDA:24,1,1,0
BRDA:56,2,0,0
BRF:5
BRH:0
end_of_record
TN:
SF:src\components\Searchbar\Searchbar.component.tsx
FN:13,SearchBar
FN:14,(anonymous_2)
FN:19,(anonymous_3)
FN:23,(anonymous_4)
FN:13,(anonymous_5)
FNF:5
FNH:0
FNDA:0,SearchBar
FNDA:0,(anonymous_2)
FNDA:0,(anonymous_3)
FNDA:0,(anonymous_4)
FNDA:0,(anonymous_5)
DA:13,2
DA:14,0
DA:15,0
DA:17,2
DA:19,0
DA:20,0
DA:23,0
DA:24,0
DA:27,0
DA:43,2
LF:10
LH:3
BRF:0
BRH:0
end_of_record
TN:
SF:src\components\Spinner\Spinner.component.tsx
FN:1,(anonymous_0)
FN:4,LoadingSpinner
FNF:2
FNH:1
FNDA:2,(anonymous_0)
FNDA:0,LoadingSpinner
DA:1,14
DA:4,2
DA:5,0
DA:10,2
LF:4
LH:3
BRDA:1,0,0,2
BRF:1
BRH:1
end_of_record
TN:
SF:src\components\Toast\Toast.component.tsx
FN:11,Toast
FN:15,(anonymous_2)
FN:22,(anonymous_3)
FN:23,(anonymous_4)
FN:28,(anonymous_5)
FN:11,(anonymous_6)
FNF:6
FNH:4
FNDA:16,Toast
FNDA:0,(anonymous_2)
FNDA:4,(anonymous_3)
FNDA:4,(anonymous_4)
FNDA:0,(anonymous_5)
FNDA:2,(anonymous_6)
DA:11,16
DA:12,16
DA:15,16
DA:16,0
DA:17,0
DA:20,16
DA:23,4
DA:25,4
DA:28,0
DA:41,2
LF:10
LH:7
BRDA:23,0,0,4
BRDA:23,0,1,4
BRDA:28,1,0,0
BRDA:28,1,1,0
BRF:4
BRH:2
end_of_record
TN:
SF:src\features\api\apiSlice.ts
FN:6,(anonymous_0)
FN:8,(anonymous_1)
FN:17,(anonymous_2)
FNF:3
FNH:1
FNDA:2,(anonymous_0)
FNDA:0,(anonymous_1)
FNDA:0,(anonymous_2)
DA:3,2
DA:6,2
DA:9,0
DA:10,0
DA:18,0
DA:19,0
DA:27,2
LF:7
LH:3
BRF:0
BRH:0
end_of_record
TN:
SF:src\features\characters\charactersSlice.ts
FN:20,(anonymous_0)
FN:23,(anonymous_1)
FNF:2
FNH:0
FNDA:0,(anonymous_0)
FNDA:0,(anonymous_1)
DA:10,2
DA:16,2
DA:21,0
DA:24,0
DA:29,2
LF:5
LH:3
BRF:0
BRH:0
end_of_record
TN:
SF:src\features\form\formSlice.ts
FN:16,(anonymous_0)
FNF:1
FNH:1
FNDA:2,(anonymous_0)
DA:8,2
DA:12,2
DA:17,2
DA:18,1
DA:24,2
LF:5
LH:5
BRDA:17,0,0,1
BRF:1
BRH:1
end_of_record
TN:
SF:src\features\search\searchSlice.ts
FN:17,(anonymous_0)
FN:20,(anonymous_1)
FNF:2
FNH:0
FNDA:0,(anonymous_0)
FNDA:0,(anonymous_1)
DA:8,2
DA:13,2
DA:18,0
DA:21,0
DA:26,2
LF:5
LH:3
BRF:0
BRH:0
end_of_record
TN:
SF:src\features\toast\toastSlice.ts
FN:18,(anonymous_0)
FN:28,(anonymous_1)
FN:38,(anonymous_2)
FN:39,(anonymous_3)
FNF:4
FNH:4
FNDA:1,(anonymous_0)
FNDA:1,(anonymous_1)
FNDA:4,(anonymous_2)
FNDA:2,(anonymous_3)
DA:9,2
DA:14,2
DA:19,1
DA:20,1
DA:26,1
DA:29,1
DA:30,1
DA:36,1
DA:39,4
DA:44,2
LF:10
LH:10
BRF:0
BRH:0
end_of_record
TN:
SF:src\mock\genders.ts
FNF:0
FNH:0
DA:1,2
LF:1
LH:1
BRF:0
BRH:0
end_of_record
TN:
SF:src\mock\paths.ts
FNF:0
FNH:0
DA:1,2
LF:1
LH:1
BRF:0
BRH:0
end_of_record
TN:
SF:src\pages\About.tsx
FN:1,(anonymous_0)
FN:3,About
FNF:2
FNH:1
FNDA:2,(anonymous_0)
FNDA:0,About
DA:1,14
DA:3,2
DA:4,0
DA:9,2
LF:4
LH:3
BRDA:1,0,0,2
BRF:1
BRH:1
end_of_record
TN:
SF:src\pages\NotFound.tsx
FN:1,(anonymous_0)
FN:3,NotFound
FNF:2
FNH:1
FNDA:2,(anonymous_0)
FNDA:0,NotFound
DA:1,14
DA:4,0
DA:9,2
DA:11,2
LF:4
LH:3
BRDA:1,0,0,2
BRF:1
BRH:1
end_of_record
TN:
SF:src\pages\Form\FormPage.tsx
FN:10,(anonymous_1)
FN:11,(anonymous_2)
FN:12,(anonymous_3)
FN:19,(anonymous_4)
FN:10,(anonymous_5)
FNF:5
FNH:5
FNDA:16,(anonymous_1)
FNDA:26,(anonymous_2)
FNDA:26,(anonymous_3)
FNDA:6,(anonymous_4)
FNDA:2,(anonymous_5)
DA:10,16
DA:11,26
DA:12,26
DA:14,16
DA:20,6
DA:26,2
LF:6
LH:6
BRF:0
BRH:0
end_of_record
TN:
SF:src\pages\Home\Home.tsx
FN:9,Home
FN:10,(anonymous_2)
FN:9,(anonymous_3)
FNF:3
FNH:0
FNDA:0,Home
FNDA:0,(anonymous_2)
FNDA:0,(anonymous_3)
DA:9,2
DA:10,2
DA:12,0
DA:23,2
LF:4
LH:3
BRDA:20,0,0,0
BRDA:20,0,1,0
BRF:2
BRH:0
end_of_record
