TN:
SF:src\App.tsx
FN:1,(anonymous_0)
FN:12,App
FN:26,WrappedApp
FNF:3
FNH:3
FNDA:60,(anonymous_0)
FNDA:60,App
FNDA:60,WrappedApp
DA:1,240
DA:13,60
DA:24,30
DA:26,60
DA:27,60
DA:34,30
LF:6
LH:6
BRDA:1,0,0,30
BRF:1
BRH:1
end_of_record
TN:
SF:src\entry.client.tsx
FNF:0
FNH:0
DA:12,30
LF:1
LH:1
BRF:0
BRH:0
end_of_record
TN:
SF:src\store.ts
FN:24,(anonymous_0)
FN:30,setupStore
FN:33,(anonymous_2)
FNF:3
FNH:1
FNDA:30,(anonymous_0)
FNDA:0,setupStore
FNDA:0,(anonymous_2)
DA:8,30
DA:16,30
DA:25,30
DA:31,0
DA:34,0
LF:5
LH:3
BRF:0
BRH:0
end_of_record
TN:
SF:src\components\Card\Card.component.tsx
FN:12,Card
FN:15,(anonymous_2)
FN:12,(anonymous_3)
FNF:3
FNH:3
FNDA:1080,Card
FNDA:6,(anonymous_2)
FNDA:12,(anonymous_3)
DA:12,1080
DA:13,1080
DA:15,1080
DA:16,6
DA:17,6
DA:19,1080
DA:25,30
LF:7
LH:7
BRF:0
BRH:0
end_of_record
TN:
SF:src\components\CardList\CardList.component.tsx
FN:10,CardList
FN:11,(anonymous_2)
FN:24,(anonymous_3)
FN:10,(anonymous_4)
FNF:4
FNH:4
FNDA:146,CardList
FNDA:307,(anonymous_2)
FNDA:1080,(anonymous_3)
FNDA:20,(anonymous_4)
DA:10,146
DA:11,307
DA:17,146
DA:21,146
DA:22,80
DA:23,66
DA:24,54
DA:25,1080
DA:27,12
DA:28,6
DA:34,146
DA:39,30
LF:12
LH:12
BRDA:21,0,0,80
BRDA:21,0,1,66
BRDA:23,1,0,54
BRDA:23,1,1,12
BRDA:27,2,0,6
BRF:5
BRH:5
end_of_record
TN:
SF:src\components\Form\Form.component.tsx
FN:11,Form
FN:21,(anonymous_2)
FN:27,(anonymous_3)
FN:34,(anonymous_4)
FN:40,(anonymous_5)
FN:46,(anonymous_6)
FN:11,(anonymous_7)
FNF:7
FNH:7
FNDA:58,Form
FNDA:2,(anonymous_2)
FNDA:26,(anonymous_3)
FNDA:20,(anonymous_4)
FNDA:2,(anonymous_5)
FNDA:6090,(anonymous_6)
FNDA:8,(anonymous_7)
DA:11,58
DA:12,58
DA:19,58
DA:21,58
DA:22,2
DA:23,2
DA:24,2
DA:27,58
DA:28,26
DA:29,2
DA:30,2
DA:34,58
DA:35,20
DA:36,2
DA:40,58
DA:41,2
DA:42,2
DA:43,2
DA:46,58
DA:47,6090
DA:53,58
DA:124,30
LF:22
LH:22
BRDA:28,0,0,2
BRDA:28,1,0,26
BRDA:28,1,1,4
BRDA:35,2,0,2
BRDA:72,3,0,58
BRDA:72,3,1,16
BRDA:109,4,0,58
BRDA:109,4,1,16
BRDA:119,5,0,58
BRDA:119,5,1,16
BRF:10
BRH:10
end_of_record
TN:
SF:src\components\FormCardComponent\FormCard.component.tsx
FN:1,(anonymous_0)
FN:10,FormCard
FNF:2
FNH:2
FNDA:30,(anonymous_0)
FNDA:10,FormCard
DA:1,210
DA:10,30
DA:11,10
DA:21,30
LF:4
LH:4
BRDA:1,0,0,30
BRF:1
BRH:1
end_of_record
TN:
SF:src\components\Header\Header.component.tsx
FN:8,Header
FN:11,getPageName
FN:8,(anonymous_3)
FNF:3
FNH:3
FNDA:68,Header
FNDA:28,getPageName
FNDA:30,(anonymous_3)
DA:8,68
DA:9,68
DA:12,28
DA:13,24
DA:15,4
DA:19,68
DA:40,30
LF:7
LH:7
BRDA:12,0,0,24
BRDA:12,0,1,4
BRDA:21,1,0,40
BRDA:21,1,1,28
BRF:4
BRH:4
end_of_record
TN:
SF:src\components\Modal\Modal.component.tsx
FN:10,(anonymous_1)
FN:11,(anonymous_2)
FN:31,(anonymous_3)
FN:66,(anonymous_4)
FN:10,(anonymous_5)
FNF:5
FNH:5
FNDA:30,(anonymous_1)
FNDA:57,(anonymous_2)
FNDA:3,(anonymous_3)
FNDA:3,(anonymous_4)
FNDA:6,(anonymous_5)
DA:10,30
DA:11,57
DA:12,30
DA:18,30
DA:22,30
DA:23,24
DA:24,6
DA:25,6
DA:31,3
DA:56,0
DA:57,0
DA:64,30
DA:66,3
DA:74,30
LF:14
LH:12
BRDA:22,0,0,24
BRDA:22,0,1,6
BRDA:24,1,0,6
BRDA:24,1,1,0
BRDA:56,2,0,0
BRF:5
BRH:3
end_of_record
TN:
SF:src\components\Searchbar\Searchbar.component.tsx
FN:13,SearchBar
FN:14,(anonymous_2)
FN:19,(anonymous_3)
FN:23,(anonymous_4)
FN:13,(anonymous_5)
FNF:5
FNH:5
FNDA:100,SearchBar
FNDA:261,(anonymous_2)
FNDA:18,(anonymous_3)
FNDA:3,(anonymous_4)
FNDA:20,(anonymous_5)
DA:13,100
DA:14,261
DA:15,100
DA:17,100
DA:19,100
DA:20,18
DA:23,100
DA:24,3
DA:27,100
DA:43,30
LF:10
LH:10
BRF:0
BRH:0
end_of_record
TN:
SF:src\components\Spinner\Spinner.component.tsx
FN:1,(anonymous_0)
FN:4,LoadingSpinner
FNF:2
FNH:2
FNDA:30,(anonymous_0)
FNDA:104,LoadingSpinner
DA:1,210
DA:4,30
DA:5,104
DA:10,30
LF:4
LH:4
BRDA:1,0,0,30
BRF:1
BRH:1
end_of_record
TN:
SF:src\components\Toast\Toast.component.tsx
FN:11,Toast
FN:15,(anonymous_2)
FN:22,(anonymous_3)
FN:23,(anonymous_4)
FN:28,(anonymous_5)
FN:11,(anonymous_6)
FNF:6
FNH:6
FNDA:38,Toast
FNDA:1,(anonymous_2)
FNDA:8,(anonymous_3)
FNDA:6,(anonymous_4)
FNDA:1,(anonymous_5)
FNDA:8,(anonymous_6)
DA:11,38
DA:12,38
DA:15,38
DA:16,1
DA:17,1
DA:20,38
DA:23,8
DA:25,8
DA:28,1
DA:41,30
LF:10
LH:10
BRDA:23,0,0,6
BRDA:23,0,1,6
BRDA:28,1,0,1
BRDA:28,1,1,1
BRF:4
BRH:4
end_of_record
TN:
SF:src\features\api\apiSlice.ts
FN:6,(anonymous_0)
FN:8,(anonymous_1)
FN:17,(anonymous_2)
FNF:3
FNH:3
FNDA:30,(anonymous_0)
FNDA:23,(anonymous_1)
FNDA:6,(anonymous_2)
DA:3,30
DA:6,30
DA:9,23
DA:10,23
DA:18,6
DA:19,6
DA:27,30
LF:7
LH:7
BRF:0
BRH:0
end_of_record
TN:
SF:src\features\characters\charactersSlice.ts
FN:20,(anonymous_0)
FN:23,(anonymous_1)
FNF:2
FNH:2
FNDA:6,(anonymous_0)
FNDA:12,(anonymous_1)
DA:10,30
DA:16,30
DA:21,6
DA:24,12
DA:29,30
LF:5
LH:5
BRF:0
BRH:0
end_of_record
TN:
SF:src\features\form\formSlice.ts
FN:16,(anonymous_0)
FNF:1
FNH:1
FNDA:4,(anonymous_0)
DA:8,30
DA:12,30
DA:17,4
DA:18,2
DA:24,30
LF:5
LH:5
BRDA:17,0,0,2
BRF:1
BRH:1
end_of_record
TN:
SF:src\features\search\searchSlice.ts
FN:17,(anonymous_0)
FN:20,(anonymous_1)
FNF:2
FNH:2
FNDA:3,(anonymous_0)
FNDA:18,(anonymous_1)
DA:8,30
DA:13,30
DA:18,3
DA:21,18
DA:26,30
LF:5
LH:5
BRF:0
BRH:0
end_of_record
TN:
SF:src\features\toast\toastSlice.ts
FN:18,(anonymous_0)
FN:28,(anonymous_1)
FN:38,(anonymous_2)
FN:39,(anonymous_3)
FNF:4
FNH:4
FNDA:2,(anonymous_0)
FNDA:2,(anonymous_1)
FNDA:7,(anonymous_2)
FNDA:4,(anonymous_3)
DA:9,30
DA:14,30
DA:19,2
DA:20,2
DA:26,2
DA:29,2
DA:30,2
DA:36,2
DA:39,7
DA:44,30
LF:10
LH:10
BRF:0
BRH:0
end_of_record
TN:
SF:src\mock\genders.ts
FNF:0
FNH:0
DA:1,30
LF:1
LH:1
BRF:0
BRH:0
end_of_record
TN:
SF:src\mock\paths.ts
FNF:0
FNH:0
DA:1,30
LF:1
LH:1
BRF:0
BRH:0
end_of_record
TN:
SF:src\pages\About.tsx
FN:1,(anonymous_0)
FN:3,About
FNF:2
FNH:2
FNDA:30,(anonymous_0)
FNDA:8,About
DA:1,210
DA:3,30
DA:4,8
DA:9,30
LF:4
LH:4
BRDA:1,0,0,30
BRF:1
BRH:1
end_of_record
TN:
SF:src\pages\NotFound.tsx
FN:1,(anonymous_0)
FN:3,NotFound
FNF:2
FNH:2
FNDA:30,(anonymous_0)
FNDA:4,NotFound
DA:1,210
DA:4,4
DA:9,30
DA:11,30
LF:4
LH:4
BRDA:1,0,0,30
BRF:1
BRH:1
end_of_record
TN:
SF:src\pages\Form\FormPage.tsx
FN:10,(anonymous_1)
FN:11,(anonymous_2)
FN:12,(anonymous_3)
FN:19,(anonymous_4)
FN:10,(anonymous_5)
FNF:5
FNH:5
FNDA:38,(anonymous_1)
FNDA:59,(anonymous_2)
FNDA:59,(anonymous_3)
FNDA:10,(anonymous_4)
FNDA:8,(anonymous_5)
DA:10,38
DA:11,59
DA:12,59
DA:14,38
DA:20,10
DA:26,30
LF:6
LH:6
BRF:0
BRH:0
end_of_record
TN:
SF:src\pages\Home\Home.tsx
FN:9,Home
FN:10,(anonymous_2)
FN:9,(anonymous_3)
FNF:3
FNH:3
FNDA:76,Home
FNDA:223,(anonymous_2)
FNDA:20,(anonymous_3)
DA:9,76
DA:10,223
DA:12,76
DA:23,30
LF:4
LH:4
BRDA:20,0,0,76
BRDA:20,0,1,24
BRF:2
BRH:2
end_of_record
